[2025-09-22 03:48:59] declaration-form-process.php accessed
[2025-09-22 03:48:59] JS DEBUG:   debug_log: Submitting form data...
[2025-09-22 03:48:59] declaration-form-process.php accessed
[2025-09-22 03:48:59] JS DEBUG: Submitting form data...
[2025-09-22 03:48:59] === DECLARATION FORM PROCESS START ===
[2025-09-22 03:48:59] POST data: Array
(
    [donor_id] => 174
    [action] => complete
    [screening_data] => {"donor_id":"174","donation-type":"Walk-in","patient-name":"","hospital":"","patient-blood-type":"","no-units":"","mobile-place":"","mobile-organizer":"","body-wt":"50","sp-gr":"12.5","blood-type":"O+","interviewer":"Interviewer"}
    [debug_log] => Submitting form data...
)

[2025-09-22 03:48:59] Session data: Array
(
    [user_id] => 07f20ca3-b282-4122-88a6-123f8dfedd22
    [email] => reviewer@gmail.com
    [role_id] => 3
    [declaration_data] => Array
        (
            [donor_id] => 174
            [declaration_date] => 2025-09-22
            [interviewer_id] => 07f20ca3-b282-4122-88a6-123f8dfedd22
            [completed] => 1
        )

    [declaration_completed] => 1
    [donor_registered] => 1
    [donor_registered_id] => 174
    [donor_registered_name] => Gerald  Nabunturan
    [donor_id] => 174
    [transferred_screening_data] => Array
        (
            [body_weight] => 50
            [specific_gravity] => 12.5
            [blood_type] => O+
            [donation_type] => walk-in
            [mobile_location] => 
            [mobile_organizer] => 
            [patient_name] => 
            [hospital] => 
            [patient_blood_type] => 
            [component_type] => 
            [units_needed] => 
        )

    [medical_history_processed] => 1
)

[2025-09-22 03:48:59] REQUEST_METHOD: POST
[2025-09-22 03:48:59] Content-Type: multipart/form-data; boundary=----WebKitFormBoundaryIqW27muM1zaOipLQ
[2025-09-22 03:48:59] Donor ID: 174
[2025-09-22 03:48:59] Action: complete
[2025-09-22 03:48:59] Processing complete action
[2025-09-22 03:48:59] Screening data found in POST
[2025-09-22 03:48:59] Screening data JSON: {"donor_id":"174","donation-type":"Walk-in","patient-name":"","hospital":"","patient-blood-type":"","no-units":"","mobile-place":"","mobile-organizer":"","body-wt":"50","sp-gr":"12.5","blood-type":"O+","interviewer":"Interviewer"}
[2025-09-22 03:48:59] Decoded screening data: Array
(
    [donor_id] => 174
    [donation-type] => Walk-in
    [patient-name] => 
    [hospital] => 
    [patient-blood-type] => 
    [no-units] => 
    [mobile-place] => 
    [mobile-organizer] => 
    [body-wt] => 50
    [sp-gr] => 12.5
    [blood-type] => O+
    [interviewer] => Interviewer
)

[2025-09-22 03:48:59] Processing screening data
[2025-09-22 03:48:59] Screening submission data: Array
(
    [donor_form_id] => 174
    [interviewer_id] => 07f20ca3-b282-4122-88a6-123f8dfedd22
    [interview_date] => 2025-09-22
    [donation_type] => walk-in
    [blood_type] => O+
    [body_weight] => 50
    [specific_gravity] => 12.5
    [staff] => Interviewer
    [updated_at] => 2025-09-22 03:48:59
)

[2025-09-22 03:48:59] Attempting UPDATE first for screening form (UPDATE priority)
[2025-09-22 03:48:59] Screening form UPDATE attempt - HTTP Code: 200
[2025-09-22 03:48:59] Screening form UPDATE attempt - Response: [{"screening_id":"30d7f1c5-de53-4c41-b66b-04e335c11bab","donor_form_id":174,"medical_history_id":143,"interviewer_id":"07f20ca3-b282-4122-88a6-123f8dfedd22","body_weight":50.00,"specific_gravity":"12.5","blood_type":"O+","mobile_organizer":null,"patient_name":null,"hospital":null,"patient_blood_type":null,"component_type":null,"units_needed":null,"has_previous_donation":false,"red_cross_donations":0,"hospital_donations":0,"last_rc_donation_date":null,"last_hosp_donation_date":null,"last_rc_donation_place":null,"last_hosp_donation_place":null,"interview_date":"2025-09-22","disapproval_reason":null,"created_at":"2025-09-22T03:40:32+00:00","updated_at":"2025-09-22T03:48:59+00:00","mobile_location":null,"donation_type":"walk-in","needs_review":null,"staff":"Interviewer"}]
[2025-09-22 03:48:59] Screening form data updated successfully (UPDATE priority)
[2025-09-22 03:48:59] Extracted screening_id: 30d7f1c5-de53-4c41-b66b-04e335c11bab
[2025-09-22 03:49:00] Medical history update - HTTP Code: 200
[2025-09-22 03:49:00] Medical history update - Response: [{"medical_history_id":143,"donor_id":174,"feels_well":true,"feels_well_remarks":null,"previously_refused":false,"previously_refused_remarks":null,"testing_purpose_only":false,"testing_purpose_only_remarks":null,"understands_transmission_risk":false,"understands_transmission_risk_remarks":null,"recent_alcohol_consumption":false,"recent_alcohol_consumption_remarks":null,"recent_aspirin":false,"recent_aspirin_remarks":null,"recent_medication":false,"recent_medication_remarks":null,"recent_donation":false,"recent_donation_remarks":null,"zika_travel":false,"zika_travel_remarks":null,"zika_contact":false,"zika_contact_remarks":null,"zika_sexual_contact":false,"zika_sexual_contact_remarks":null,"blood_transfusion":false,"blood_transfusion_remarks":null,"surgery_dental":false,"surgery_dental_remarks":null,"tattoo_piercing":false,"tattoo_piercing_remarks":null,"risky_sexual_contact":false,"risky_sexual_contact_remarks":null,"unsafe_sex":false,"unsafe_sex_remarks":null,"hepatitis_contact":false,"hepatitis_contact_remarks":null,"imprisonment":false,"imprisonment_remarks":null,"uk_europe_stay":false,"uk_europe_stay_remarks":null,"foreign_travel":false,"foreign_travel_remarks":null,"drug_use":false,"drug_use_remarks":null,"clotting_factor":false,"clotting_factor_remarks":null,"positive_disease_test":false,"positive_disease_test_remarks":null,"malaria_history":false,"malaria_history_remarks":null,"std_history":false,"std_history_remarks":null,"cancer_blood_disease":false,"cancer_blood_disease_remarks":null,"heart_disease":false,"heart_disease_remarks":null,"lung_disease":false,"lung_disease_remarks":null,"kidney_disease":false,"kidney_disease_remarks":null,"chicken_pox":false,"chicken_pox_remarks":null,"chronic_illness":false,"chronic_illness_remarks":null,"recent_fever":false,"recent_fever_remarks":null,"pregnancy_history":false,"pregnancy_history_remarks":null,"last_childbirth_remarks":null,"recent_miscarriage":false,"recent_miscarriage_remarks":null,"breastfeeding":false,"breastfeeding_remarks":null,"last_menstruation_remarks":null,"created_at":"2025-09-22T00:33:16.941374+00:00","updated_at":"2025-09-22T03:48:59+00:00","medical_approval":"Not Approved","last_menstruation":false,"last_childbirth":false,"needs_review":false,"interviewer":"Ray Jasper Suner"}]
[2025-09-22 03:49:00] Medical history updated successfully - needs_review=false, medical_approval=Not Approved
[2025-09-22 03:49:00] Physical examination data: Array
(
    [donor_id] => 174
    [screening_id] => 30d7f1c5-de53-4c41-b66b-04e335c11bab
    [needs_review] => 1
    [updated_at] => 2025-09-22 03:49:00
)

[2025-09-22 03:49:00] Attempting UPDATE first for physical examination (UPDATE priority)
[2025-09-22 03:49:00] Physical examination UPDATE attempt - HTTP Code: 200
[2025-09-22 03:49:00] Physical examination UPDATE attempt - Response: []
[2025-09-22 03:49:00] UPDATE failed, attempting INSERT for physical examination
[2025-09-22 03:49:01] Physical examination INSERT attempt - HTTP Code: 201
[2025-09-22 03:49:01] Physical examination INSERT attempt - Response: [{"physical_exam_id":"232b0c7b-b3e4-443a-9e03-29e6f3616052","donor_id":174,"blood_pressure":null,"pulse_rate":null,"body_temp":null,"gen_appearance":null,"skin":null,"heent":null,"heart_and_lungs":null,"remarks":null,"reason":null,"blood_bag_type":null,"created_at":"2025-09-22T03:49:00","updated_at":"2025-09-22T03:49:00","disapproval_reason":null,"needs_review":true,"physician":null,"screening_id":"30d7f1c5-de53-4c41-b66b-04e335c11bab","status":null}]
[2025-09-22 03:49:01] Physical examination data inserted successfully - needs_review=true (UPDATE priority)
[2025-09-22 04:21:09] declaration-form-process.php accessed
[2025-09-22 04:21:09] JS DEBUG:   debug_log: Submitting form data...
[2025-09-22 04:21:09] declaration-form-process.php accessed
[2025-09-22 04:21:09] JS DEBUG: Submitting form data...
[2025-09-22 04:21:09] === DECLARATION FORM PROCESS START ===
[2025-09-22 04:21:09] POST data: Array
(
    [donor_id] => 174
    [action] => complete
    [screening_data] => {"donor_id":"174","donation-type":"Walk-in","patient-name":"","hospital":"","patient-blood-type":"","no-units":"","body-wt":"50","sp-gr":"12.5","blood-type":"O+","interviewer":"Interviewer"}
    [debug_log] => Submitting form data...
)

[2025-09-22 04:21:09] Session data: Array
(
    [user_id] => 07f20ca3-b282-4122-88a6-123f8dfedd22
    [email] => reviewer@gmail.com
    [role_id] => 3
    [declaration_data] => Array
        (
            [donor_id] => 174
            [declaration_date] => 2025-09-22
            [interviewer_id] => 07f20ca3-b282-4122-88a6-123f8dfedd22
            [completed] => 1
        )

    [declaration_completed] => 1
    [donor_registered] => 1
    [donor_registered_id] => 174
    [donor_registered_name] => Gerald  Nabunturan
    [donor_id] => 174
    [transferred_screening_data] => Array
        (
            [body_weight] => 50
            [specific_gravity] => 12.5
            [blood_type] => O+
            [donation_type] => walk-in
            [mobile_location] => 
            [mobile_organizer] => 
            [patient_name] => 
            [hospital] => 
            [patient_blood_type] => 
            [component_type] => 
            [units_needed] => 
        )

    [medical_history_processed] => 1
)

[2025-09-22 04:21:09] REQUEST_METHOD: POST
[2025-09-22 04:21:09] Content-Type: multipart/form-data; boundary=----WebKitFormBoundarysbv3NnRRILjjDio6
[2025-09-22 04:21:09] Donor ID: 174
[2025-09-22 04:21:09] Action: complete
[2025-09-22 04:21:09] Processing complete action
[2025-09-22 04:21:09] Screening data found in POST
[2025-09-22 04:21:09] Screening data JSON: {"donor_id":"174","donation-type":"Walk-in","patient-name":"","hospital":"","patient-blood-type":"","no-units":"","body-wt":"50","sp-gr":"12.5","blood-type":"O+","interviewer":"Interviewer"}
[2025-09-22 04:21:09] Decoded screening data: Array
(
    [donor_id] => 174
    [donation-type] => Walk-in
    [patient-name] => 
    [hospital] => 
    [patient-blood-type] => 
    [no-units] => 
    [body-wt] => 50
    [sp-gr] => 12.5
    [blood-type] => O+
    [interviewer] => Interviewer
)

[2025-09-22 04:21:09] Processing screening data
[2025-09-22 04:21:09] Screening submission data: Array
(
    [donor_form_id] => 174
    [interviewer_id] => 07f20ca3-b282-4122-88a6-123f8dfedd22
    [interview_date] => 2025-09-22
    [donation_type] => walk-in
    [blood_type] => O+
    [body_weight] => 50
    [specific_gravity] => 12.5
    [staff] => Interviewer
    [updated_at] => 2025-09-22 04:21:09
)

[2025-09-22 04:21:09] Attempting UPDATE first for screening form (UPDATE priority)
[2025-09-22 04:21:09] Screening form UPDATE attempt - HTTP Code: 200
[2025-09-22 04:21:09] Screening form UPDATE attempt - Response: [{"screening_id":"30d7f1c5-de53-4c41-b66b-04e335c11bab","donor_form_id":174,"medical_history_id":143,"interviewer_id":"07f20ca3-b282-4122-88a6-123f8dfedd22","body_weight":50.00,"specific_gravity":"12.5","blood_type":"O+","mobile_organizer":null,"patient_name":null,"hospital":null,"patient_blood_type":null,"component_type":null,"units_needed":null,"has_previous_donation":false,"red_cross_donations":0,"hospital_donations":0,"last_rc_donation_date":null,"last_hosp_donation_date":null,"last_rc_donation_place":null,"last_hosp_donation_place":null,"interview_date":"2025-09-22","disapproval_reason":null,"created_at":"2025-09-22T03:40:32+00:00","updated_at":"2025-09-22T04:21:09+00:00","mobile_location":null,"donation_type":"walk-in","needs_review":null,"staff":"Interviewer"}]
[2025-09-22 04:21:09] Screening form data updated successfully (UPDATE priority)
[2025-09-22 04:21:09] Extracted screening_id: 30d7f1c5-de53-4c41-b66b-04e335c11bab
[2025-09-22 04:21:10] Medical history update - HTTP Code: 200
[2025-09-22 04:21:10] Medical history update - Response: [{"medical_history_id":143,"donor_id":174,"feels_well":true,"feels_well_remarks":null,"previously_refused":false,"previously_refused_remarks":null,"testing_purpose_only":false,"testing_purpose_only_remarks":null,"understands_transmission_risk":false,"understands_transmission_risk_remarks":null,"recent_alcohol_consumption":false,"recent_alcohol_consumption_remarks":null,"recent_aspirin":false,"recent_aspirin_remarks":null,"recent_medication":false,"recent_medication_remarks":null,"recent_donation":false,"recent_donation_remarks":null,"zika_travel":false,"zika_travel_remarks":null,"zika_contact":false,"zika_contact_remarks":null,"zika_sexual_contact":false,"zika_sexual_contact_remarks":null,"blood_transfusion":false,"blood_transfusion_remarks":null,"surgery_dental":false,"surgery_dental_remarks":null,"tattoo_piercing":false,"tattoo_piercing_remarks":null,"risky_sexual_contact":false,"risky_sexual_contact_remarks":null,"unsafe_sex":false,"unsafe_sex_remarks":null,"hepatitis_contact":false,"hepatitis_contact_remarks":null,"imprisonment":false,"imprisonment_remarks":null,"uk_europe_stay":false,"uk_europe_stay_remarks":null,"foreign_travel":false,"foreign_travel_remarks":null,"drug_use":false,"drug_use_remarks":null,"clotting_factor":false,"clotting_factor_remarks":null,"positive_disease_test":false,"positive_disease_test_remarks":null,"malaria_history":false,"malaria_history_remarks":null,"std_history":false,"std_history_remarks":null,"cancer_blood_disease":false,"cancer_blood_disease_remarks":null,"heart_disease":false,"heart_disease_remarks":null,"lung_disease":false,"lung_disease_remarks":null,"kidney_disease":false,"kidney_disease_remarks":null,"chicken_pox":false,"chicken_pox_remarks":null,"chronic_illness":false,"chronic_illness_remarks":null,"recent_fever":false,"recent_fever_remarks":null,"pregnancy_history":false,"pregnancy_history_remarks":null,"last_childbirth_remarks":null,"recent_miscarriage":false,"recent_miscarriage_remarks":null,"breastfeeding":false,"breastfeeding_remarks":null,"last_menstruation_remarks":null,"created_at":"2025-09-22T00:33:16.941374+00:00","updated_at":"2025-09-22T04:21:09+00:00","medical_approval":"Not Approved","last_menstruation":false,"last_childbirth":false,"needs_review":false,"interviewer":"Ray Jasper Suner"}]
[2025-09-22 04:21:10] Medical history updated successfully - needs_review=false, medical_approval=Not Approved
[2025-09-22 04:21:10] Physical examination data: Array
(
    [donor_id] => 174
    [screening_id] => 30d7f1c5-de53-4c41-b66b-04e335c11bab
    [needs_review] => 1
    [updated_at] => 2025-09-22 04:21:10
)

[2025-09-22 04:21:10] Attempting UPDATE first for physical examination (UPDATE priority)
[2025-09-22 04:21:10] Physical examination UPDATE attempt - HTTP Code: 200
[2025-09-22 04:21:10] Physical examination UPDATE attempt - Response: [{"physical_exam_id":"232b0c7b-b3e4-443a-9e03-29e6f3616052","donor_id":174,"blood_pressure":null,"pulse_rate":null,"body_temp":null,"gen_appearance":null,"skin":null,"heent":null,"heart_and_lungs":null,"remarks":null,"reason":null,"blood_bag_type":null,"created_at":"2025-09-22T03:49:00","updated_at":"2025-09-22T04:21:10","disapproval_reason":null,"needs_review":true,"physician":null,"screening_id":"30d7f1c5-de53-4c41-b66b-04e335c11bab","status":null}]
[2025-09-22 04:21:10] Physical examination data updated successfully - needs_review=true (UPDATE priority)
