[2025-10-06 08:43:59] donation_pending.php module loaded
[2025-10-06 08:44:00] Processing 10 donors. Donor IDs: 179, 178, 177, 176, 175, 174, 173, 172, 171, 170
[2025-10-06 08:44:00] Found target donor IDs in fetched data: 176, 170
[2025-10-06 08:52:18] donation_pending.php module loaded
[2025-10-06 08:52:20] Processing 48 donors. Donor IDs: 179, 178, 177, 176, 175, 174, 173, 172, 171, 170, 169, 167, 166, 165, 164, 162, 161, 160, 159, 154, 153, 151, 150, 149, 148, 147, 146, 145, 144, 143, 142, 141, 140, 139, 137, 136, 135, 134, 129, 127, 126, 125, 124, 123, 122, 121, 120, 119
[2025-10-06 08:52:20] Found target donor IDs in fetched data: 176, 169, 170, 144, 140, 142, 135, 120
[2025-10-06 08:58:47] donation_pending.php module loaded
[2025-10-06 08:58:49] Processing 48 donors. Donor IDs: 179, 178, 177, 176, 175, 174, 173, 172, 171, 170, 169, 167, 166, 165, 164, 162, 161, 160, 159, 154, 153, 151, 150, 149, 148, 147, 146, 145, 144, 143, 142, 141, 140, 139, 137, 136, 135, 134, 129, 127, 126, 125, 124, 123, 122, 121, 120, 119
[2025-10-06 08:58:49] Found target donor IDs in fetched data: 176, 169, 170, 144, 140, 142, 135, 120
[2025-10-06 09:01:36] donation_pending.php module loaded
[2025-10-06 09:01:38] Processing 48 donors. Donor IDs: 179, 178, 177, 176, 175, 174, 173, 172, 171, 170, 169, 167, 166, 165, 164, 162, 161, 160, 159, 154, 153, 151, 150, 149, 148, 147, 146, 145, 144, 143, 142, 141, 140, 139, 137, 136, 135, 134, 129, 127, 126, 125, 124, 123, 122, 121, 120, 119
[2025-10-06 09:01:38] Found target donor IDs in fetched data: 176, 169, 170, 144, 140, 142, 135, 120
[2025-10-06 09:16:36] donation_pending.php module loaded
[2025-10-06 09:16:38] Processing 48 donors. Donor IDs: 179, 178, 177, 176, 175, 174, 173, 172, 171, 170, 169, 167, 166, 165, 164, 162, 161, 160, 159, 154, 153, 151, 150, 149, 148, 147, 146, 145, 144, 143, 142, 141, 140, 139, 137, 136, 135, 134, 129, 127, 126, 125, 124, 123, 122, 121, 120, 119
[2025-10-06 09:16:38] Found target donor IDs in fetched data: 176, 169, 170, 144, 140, 142, 135, 120
[2025-10-06 09:41:29] donation_pending.php module loaded
[2025-10-06 09:41:31] Processing 48 donors. Donor IDs: 179, 178, 177, 176, 175, 174, 173, 172, 171, 170, 169, 167, 166, 165, 164, 162, 161, 160, 159, 154, 153, 151, 150, 149, 148, 147, 146, 145, 144, 143, 142, 141, 140, 139, 137, 136, 135, 134, 129, 127, 126, 125, 124, 123, 122, 121, 120, 119
[2025-10-06 09:41:31] Found target donor IDs in fetched data: 176, 169, 170, 144, 140, 142, 135, 120
[2025-10-06 09:47:41] donation_pending.php module loaded
[2025-10-06 09:47:43] Processing 48 donors. Donor IDs: 179, 178, 177, 176, 175, 174, 173, 172, 171, 170, 169, 167, 166, 165, 164, 162, 161, 160, 159, 154, 153, 151, 150, 149, 148, 147, 146, 145, 144, 143, 142, 141, 140, 139, 137, 136, 135, 134, 129, 127, 126, 125, 124, 123, 122, 121, 120, 119
[2025-10-06 09:47:43] Found target donor IDs in fetched data: 176, 169, 170, 144, 140, 142, 135, 120
[2025-10-06 09:55:08] donation_pending.php module loaded
[2025-10-06 09:55:09] Processing 48 donors. Donor IDs: 179, 178, 177, 176, 175, 174, 173, 172, 171, 170, 169, 167, 166, 165, 164, 162, 161, 160, 159, 154, 153, 151, 150, 149, 148, 147, 146, 145, 144, 143, 142, 141, 140, 139, 137, 136, 135, 134, 129, 127, 126, 125, 124, 123, 122, 121, 120, 119
[2025-10-06 09:55:09] Found target donor IDs in fetched data: 176, 169, 170, 144, 140, 142, 135, 120
[2025-10-06 09:59:28] donation_pending.php module loaded
[2025-10-06 09:59:29] Processing 48 donors. Donor IDs: 179, 178, 177, 176, 175, 174, 173, 172, 171, 170, 169, 167, 166, 165, 164, 162, 161, 160, 159, 154, 153, 151, 150, 149, 148, 147, 146, 145, 144, 143, 142, 141, 140, 139, 137, 136, 135, 134, 129, 127, 126, 125, 124, 123, 122, 121, 120, 119
[2025-10-06 09:59:29] Found target donor IDs in fetched data: 176, 169, 170, 144, 140, 142, 135, 120
[2025-10-06 10:00:59] donation_pending.php module loaded
[2025-10-06 10:01:12] Processing 48 donors. Donor IDs: 179, 178, 177, 176, 175, 174, 173, 172, 171, 170, 169, 167, 166, 165, 164, 162, 161, 160, 159, 154, 153, 151, 150, 149, 148, 147, 146, 145, 144, 143, 142, 141, 140, 139, 137, 136, 135, 134, 129, 127, 126, 125, 124, 123, 122, 121, 120, 119
[2025-10-06 10:01:12] Found target donor IDs in fetched data: 176, 169, 170, 144, 140, 142, 135, 120
[2025-10-06 10:06:48] donation_pending.php module loaded
[2025-10-06 10:06:50] Processing 48 donors. Donor IDs: 179, 178, 177, 176, 175, 174, 173, 172, 171, 170, 169, 167, 166, 165, 164, 162, 161, 160, 159, 154, 153, 151, 150, 149, 148, 147, 146, 145, 144, 143, 142, 141, 140, 139, 137, 136, 135, 134, 129, 127, 126, 125, 124, 123, 122, 121, 120, 119
[2025-10-06 10:06:50] Found target donor IDs in fetched data: 176, 169, 170, 144, 140, 142, 135, 120
[2025-10-06 12:08:30] donation_pending.php module loaded
[2025-10-06 12:08:32] Processing 48 donors. Donor IDs: 179, 178, 177, 176, 175, 174, 173, 172, 171, 170, 169, 167, 166, 165, 164, 162, 161, 160, 159, 154, 153, 151, 150, 149, 148, 147, 146, 145, 144, 143, 142, 141, 140, 139, 137, 136, 135, 134, 129, 127, 126, 125, 124, 123, 122, 121, 120, 119
[2025-10-06 12:08:32] Found target donor IDs in fetched data: 176, 169, 170, 144, 140, 142, 135, 120
[2025-10-06 14:27:21] donation_pending.php module loaded
[2025-10-06 14:27:24] Processing 48 donors. Donor IDs: 179, 178, 177, 176, 175, 174, 173, 172, 171, 170, 169, 167, 166, 165, 164, 162, 161, 160, 159, 154, 153, 151, 150, 149, 148, 147, 146, 145, 144, 143, 142, 141, 140, 139, 137, 136, 135, 134, 129, 127, 126, 125, 124, 123, 122, 121, 120, 119
[2025-10-06 14:27:24] Found target donor IDs in fetched data: 176, 169, 170, 144, 140, 142, 135, 120
[2025-10-06 14:41:23] donation_pending.php module loaded
[2025-10-06 14:41:25] Processing 48 donors. Donor IDs: 179, 178, 177, 176, 175, 174, 173, 172, 171, 170, 169, 167, 166, 165, 164, 162, 161, 160, 159, 154, 153, 151, 150, 149, 148, 147, 146, 145, 144, 143, 142, 141, 140, 139, 137, 136, 135, 134, 129, 127, 126, 125, 124, 123, 122, 121, 120, 119
[2025-10-06 14:41:25] Found target donor IDs in fetched data: 176, 169, 170, 144, 140, 142, 135, 120
[2025-10-06 14:48:42] donation_pending.php module loaded
[2025-10-06 14:48:44] Processing 48 donors. Donor IDs: 179, 178, 177, 176, 175, 174, 173, 172, 171, 170, 169, 167, 166, 165, 164, 162, 161, 160, 159, 154, 153, 151, 150, 149, 148, 147, 146, 145, 144, 143, 142, 141, 140, 139, 137, 136, 135, 134, 129, 127, 126, 125, 124, 123, 122, 121, 120, 119
[2025-10-06 14:48:44] Found target donor IDs in fetched data: 176, 169, 170, 144, 140, 142, 135, 120
[2025-10-06 14:57:42] donation_pending.php module loaded
[2025-10-06 14:57:44] Processing 48 donors. Donor IDs: 179, 178, 177, 176, 175, 174, 173, 172, 171, 170, 169, 167, 166, 165, 164, 162, 161, 160, 159, 154, 153, 151, 150, 149, 148, 147, 146, 145, 144, 143, 142, 141, 140, 139, 137, 136, 135, 134, 129, 127, 126, 125, 124, 123, 122, 121, 120, 119
[2025-10-06 14:57:44] Found target donor IDs in fetched data: 176, 169, 170, 144, 140, 142, 135, 120
[2025-10-06 15:01:09] donation_pending.php module loaded
[2025-10-06 15:01:11] Processing 49 donors. Donor IDs: 180, 179, 178, 177, 176, 175, 174, 173, 172, 171, 170, 169, 167, 166, 165, 164, 162, 161, 160, 159, 154, 153, 151, 150, 149, 148, 147, 146, 145, 144, 143, 142, 141, 140, 139, 137, 136, 135, 134, 129, 127, 126, 125, 124, 123, 122, 121, 120, 119
[2025-10-06 15:01:11] Found target donor IDs in fetched data: 176, 169, 170, 144, 140, 142, 135, 120
[2025-10-06 15:02:12] donation_pending.php module loaded
[2025-10-06 15:02:14] Processing 49 donors. Donor IDs: 180, 179, 178, 177, 176, 175, 174, 173, 172, 171, 170, 169, 167, 166, 165, 164, 162, 161, 160, 159, 154, 153, 151, 150, 149, 148, 147, 146, 145, 144, 143, 142, 141, 140, 139, 137, 136, 135, 134, 129, 127, 126, 125, 124, 123, 122, 121, 120, 119
[2025-10-06 15:02:14] Found target donor IDs in fetched data: 176, 169, 170, 144, 140, 142, 135, 120
[2025-10-06 15:02:31] donation_pending.php module loaded
[2025-10-06 15:02:32] Processing 49 donors. Donor IDs: 180, 179, 178, 177, 176, 175, 174, 173, 172, 171, 170, 169, 167, 166, 165, 164, 162, 161, 160, 159, 154, 153, 151, 150, 149, 148, 147, 146, 145, 144, 143, 142, 141, 140, 139, 137, 136, 135, 134, 129, 127, 126, 125, 124, 123, 122, 121, 120, 119
[2025-10-06 15:02:32] Found target donor IDs in fetched data: 176, 169, 170, 144, 140, 142, 135, 120
[2025-10-06 15:02:54] donation_pending.php module loaded
[2025-10-06 15:02:55] Processing 49 donors. Donor IDs: 180, 179, 178, 177, 176, 175, 174, 173, 172, 171, 170, 169, 167, 166, 165, 164, 162, 161, 160, 159, 154, 153, 151, 150, 149, 148, 147, 146, 145, 144, 143, 142, 141, 140, 139, 137, 136, 135, 134, 129, 127, 126, 125, 124, 123, 122, 121, 120, 119
[2025-10-06 15:02:55] Found target donor IDs in fetched data: 176, 169, 170, 144, 140, 142, 135, 120
[2025-10-06 15:03:12] donation_pending.php module loaded
[2025-10-06 15:03:13] Processing 49 donors. Donor IDs: 180, 179, 178, 177, 176, 175, 174, 173, 172, 171, 170, 169, 167, 166, 165, 164, 162, 161, 160, 159, 154, 153, 151, 150, 149, 148, 147, 146, 145, 144, 143, 142, 141, 140, 139, 137, 136, 135, 134, 129, 127, 126, 125, 124, 123, 122, 121, 120, 119
[2025-10-06 15:03:13] Found target donor IDs in fetched data: 176, 169, 170, 144, 140, 142, 135, 120
[2025-10-06 15:09:34] donation_pending.php module loaded
[2025-10-06 15:09:36] Processing 49 donors. Donor IDs: 180, 179, 178, 177, 176, 175, 174, 173, 172, 171, 170, 169, 167, 166, 165, 164, 162, 161, 160, 159, 154, 153, 151, 150, 149, 148, 147, 146, 145, 144, 143, 142, 141, 140, 139, 137, 136, 135, 134, 129, 127, 126, 125, 124, 123, 122, 121, 120, 119
[2025-10-06 15:09:36] Found target donor IDs in fetched data: 176, 169, 170, 144, 140, 142, 135, 120
[2025-10-06 15:17:49] donation_pending.php module loaded
[2025-10-06 15:17:51] Processing 49 donors. Donor IDs: 180, 179, 178, 177, 176, 175, 174, 173, 172, 171, 170, 169, 167, 166, 165, 164, 162, 161, 160, 159, 154, 153, 151, 150, 149, 148, 147, 146, 145, 144, 143, 142, 141, 140, 139, 137, 136, 135, 134, 129, 127, 126, 125, 124, 123, 122, 121, 120, 119
[2025-10-06 15:17:51] Found target donor IDs in fetched data: 176, 169, 170, 144, 140, 142, 135, 120
[2025-10-06 15:33:40] donation_pending.php module loaded
[2025-10-06 15:33:42] Processing 49 donors. Donor IDs: 180, 179, 178, 177, 176, 175, 174, 173, 172, 171, 170, 169, 167, 166, 165, 164, 162, 161, 160, 159, 154, 153, 151, 150, 149, 148, 147, 146, 145, 144, 143, 142, 141, 140, 139, 137, 136, 135, 134, 129, 127, 126, 125, 124, 123, 122, 121, 120, 119
[2025-10-06 15:33:42] Found target donor IDs in fetched data: 176, 169, 170, 144, 140, 142, 135, 120
[2025-10-06 15:41:05] donation_pending.php module loaded
[2025-10-06 15:41:07] Processing 49 donors. Donor IDs: 180, 179, 178, 177, 176, 175, 174, 173, 172, 171, 170, 169, 167, 166, 165, 164, 162, 161, 160, 159, 154, 153, 151, 150, 149, 148, 147, 146, 145, 144, 143, 142, 141, 140, 139, 137, 136, 135, 134, 129, 127, 126, 125, 124, 123, 122, 121, 120, 119
[2025-10-06 15:41:07] Found target donor IDs in fetched data: 176, 169, 170, 144, 140, 142, 135, 120
[2025-10-06 15:51:20] donation_pending.php module loaded
[2025-10-06 15:51:22] Processing 49 donors. Donor IDs: 180, 179, 178, 177, 176, 175, 174, 173, 172, 171, 170, 169, 167, 166, 165, 164, 162, 161, 160, 159, 154, 153, 151, 150, 149, 148, 147, 146, 145, 144, 143, 142, 141, 140, 139, 137, 136, 135, 134, 129, 127, 126, 125, 124, 123, 122, 121, 120, 119
[2025-10-06 15:51:22] Found target donor IDs in fetched data: 176, 169, 170, 144, 140, 142, 135, 120
[2025-10-06 15:57:16] donation_pending.php module loaded
[2025-10-06 15:57:17] Processing 49 donors. Donor IDs: 180, 179, 178, 177, 176, 175, 174, 173, 172, 171, 170, 169, 167, 166, 165, 164, 162, 161, 160, 159, 154, 153, 151, 150, 149, 148, 147, 146, 145, 144, 143, 142, 141, 140, 139, 137, 136, 135, 134, 129, 127, 126, 125, 124, 123, 122, 121, 120, 119
[2025-10-06 15:57:17] Found target donor IDs in fetched data: 176, 169, 170, 144, 140, 142, 135, 120
[2025-10-06 16:02:37] donation_pending.php module loaded
[2025-10-06 16:02:38] Processing 49 donors. Donor IDs: 180, 179, 178, 177, 176, 175, 174, 173, 172, 171, 170, 169, 167, 166, 165, 164, 162, 161, 160, 159, 154, 153, 151, 150, 149, 148, 147, 146, 145, 144, 143, 142, 141, 140, 139, 137, 136, 135, 134, 129, 127, 126, 125, 124, 123, 122, 121, 120, 119
[2025-10-06 16:02:38] Found target donor IDs in fetched data: 176, 169, 170, 144, 140, 142, 135, 120
[2025-10-06 16:05:26] donation_pending.php module loaded
[2025-10-06 16:05:28] Processing 48 donors. Donor IDs: 179, 178, 177, 176, 175, 174, 173, 172, 171, 170, 169, 167, 166, 165, 164, 162, 161, 160, 159, 154, 153, 151, 150, 149, 148, 147, 146, 145, 144, 143, 142, 141, 140, 139, 137, 136, 135, 134, 129, 127, 126, 125, 124, 123, 122, 121, 120, 119
[2025-10-06 16:05:28] Found target donor IDs in fetched data: 176, 169, 170, 144, 140, 142, 135, 120
[2025-10-06 16:09:18] donation_pending.php module loaded
[2025-10-06 16:09:20] Processing 48 donors. Donor IDs: 179, 178, 177, 176, 175, 174, 173, 172, 171, 170, 169, 167, 166, 165, 164, 162, 161, 160, 159, 154, 153, 151, 150, 149, 148, 147, 146, 145, 144, 143, 142, 141, 140, 139, 137, 136, 135, 134, 129, 127, 126, 125, 124, 123, 122, 121, 120, 119
[2025-10-06 16:09:20] Found target donor IDs in fetched data: 176, 169, 170, 144, 140, 142, 135, 120
[2025-10-06 16:14:40] donation_pending.php module loaded
[2025-10-06 16:14:42] Processing 48 donors. Donor IDs: 179, 178, 177, 176, 175, 174, 173, 172, 171, 170, 169, 167, 166, 165, 164, 162, 161, 160, 159, 154, 153, 151, 150, 149, 148, 147, 146, 145, 144, 143, 142, 141, 140, 139, 137, 136, 135, 134, 129, 127, 126, 125, 124, 123, 122, 121, 120, 119
[2025-10-06 16:14:42] Found target donor IDs in fetched data: 176, 169, 170, 144, 140, 142, 135, 120
[2025-10-06 17:10:32] donation_pending.php module loaded
[2025-10-06 17:10:33] Processing 48 donors. Donor IDs: 179, 178, 177, 176, 175, 174, 173, 172, 171, 170, 169, 167, 166, 165, 164, 162, 161, 160, 159, 154, 153, 151, 150, 149, 148, 147, 146, 145, 144, 143, 142, 141, 140, 139, 137, 136, 135, 134, 129, 127, 126, 125, 124, 123, 122, 121, 120, 119
[2025-10-06 17:10:33] Found target donor IDs in fetched data: 176, 169, 170, 144, 140, 142, 135, 120
[2025-10-06 17:11:13] donation_pending.php module loaded
[2025-10-06 17:11:15] Processing 48 donors. Donor IDs: 179, 178, 177, 176, 175, 174, 173, 172, 171, 170, 169, 167, 166, 165, 164, 162, 161, 160, 159, 154, 153, 151, 150, 149, 148, 147, 146, 145, 144, 143, 142, 141, 140, 139, 137, 136, 135, 134, 129, 127, 126, 125, 124, 123, 122, 121, 120, 119
[2025-10-06 17:11:15] Found target donor IDs in fetched data: 176, 169, 170, 144, 140, 142, 135, 120
[2025-10-06 17:11:30] donation_pending.php module loaded
[2025-10-06 17:11:33] Processing 48 donors. Donor IDs: 179, 178, 177, 176, 175, 174, 173, 172, 171, 170, 169, 167, 166, 165, 164, 162, 161, 160, 159, 154, 153, 151, 150, 149, 148, 147, 146, 145, 144, 143, 142, 141, 140, 139, 137, 136, 135, 134, 129, 127, 126, 125, 124, 123, 122, 121, 120, 119
[2025-10-06 17:11:33] Found target donor IDs in fetched data: 176, 169, 170, 144, 140, 142, 135, 120
[2025-10-06 17:17:33] donation_pending.php module loaded
[2025-10-06 17:17:35] Processing 49 donors. Donor IDs: 181, 179, 178, 177, 176, 175, 174, 173, 172, 171, 170, 169, 167, 166, 165, 164, 162, 161, 160, 159, 154, 153, 151, 150, 149, 148, 147, 146, 145, 144, 143, 142, 141, 140, 139, 137, 136, 135, 134, 129, 127, 126, 125, 124, 123, 122, 121, 120, 119
[2025-10-06 17:17:35] Found target donor IDs in fetched data: 176, 169, 170, 144, 140, 142, 135, 120
[2025-10-06 17:18:18] donation_pending.php module loaded
[2025-10-06 17:18:20] Processing 49 donors. Donor IDs: 181, 179, 178, 177, 176, 175, 174, 173, 172, 171, 170, 169, 167, 166, 165, 164, 162, 161, 160, 159, 154, 153, 151, 150, 149, 148, 147, 146, 145, 144, 143, 142, 141, 140, 139, 137, 136, 135, 134, 129, 127, 126, 125, 124, 123, 122, 121, 120, 119
[2025-10-06 17:18:20] Found target donor IDs in fetched data: 176, 169, 170, 144, 140, 142, 135, 120
[2025-10-06 17:18:35] donation_pending.php module loaded
[2025-10-06 17:18:38] Processing 49 donors. Donor IDs: 181, 179, 178, 177, 176, 175, 174, 173, 172, 171, 170, 169, 167, 166, 165, 164, 162, 161, 160, 159, 154, 153, 151, 150, 149, 148, 147, 146, 145, 144, 143, 142, 141, 140, 139, 137, 136, 135, 134, 129, 127, 126, 125, 124, 123, 122, 121, 120, 119
[2025-10-06 17:18:38] Found target donor IDs in fetched data: 176, 169, 170, 144, 140, 142, 135, 120
[2025-10-06 17:25:53] donation_pending.php module loaded
[2025-10-06 17:25:56] Processing 49 donors. Donor IDs: 182, 179, 178, 177, 176, 175, 174, 173, 172, 171, 170, 169, 167, 166, 165, 164, 162, 161, 160, 159, 154, 153, 151, 150, 149, 148, 147, 146, 145, 144, 143, 142, 141, 140, 139, 137, 136, 135, 134, 129, 127, 126, 125, 124, 123, 122, 121, 120, 119
[2025-10-06 17:25:56] Found target donor IDs in fetched data: 176, 169, 170, 144, 140, 142, 135, 120
[2025-10-06 17:26:27] donation_pending.php module loaded
[2025-10-06 17:26:30] Processing 49 donors. Donor IDs: 182, 179, 178, 177, 176, 175, 174, 173, 172, 171, 170, 169, 167, 166, 165, 164, 162, 161, 160, 159, 154, 153, 151, 150, 149, 148, 147, 146, 145, 144, 143, 142, 141, 140, 139, 137, 136, 135, 134, 129, 127, 126, 125, 124, 123, 122, 121, 120, 119
[2025-10-06 17:26:30] Found target donor IDs in fetched data: 176, 169, 170, 144, 140, 142, 135, 120
[2025-10-06 17:29:08] donation_pending.php module loaded
[2025-10-06 17:29:10] Processing 49 donors. Donor IDs: 182, 179, 178, 177, 176, 175, 174, 173, 172, 171, 170, 169, 167, 166, 165, 164, 162, 161, 160, 159, 154, 153, 151, 150, 149, 148, 147, 146, 145, 144, 143, 142, 141, 140, 139, 137, 136, 135, 134, 129, 127, 126, 125, 124, 123, 122, 121, 120, 119
[2025-10-06 17:29:10] Found target donor IDs in fetched data: 176, 169, 170, 144, 140, 142, 135, 120
[2025-10-06 17:29:25] donation_pending.php module loaded
[2025-10-06 17:29:27] Processing 49 donors. Donor IDs: 182, 179, 178, 177, 176, 175, 174, 173, 172, 171, 170, 169, 167, 166, 165, 164, 162, 161, 160, 159, 154, 153, 151, 150, 149, 148, 147, 146, 145, 144, 143, 142, 141, 140, 139, 137, 136, 135, 134, 129, 127, 126, 125, 124, 123, 122, 121, 120, 119
[2025-10-06 17:29:27] Found target donor IDs in fetched data: 176, 169, 170, 144, 140, 142, 135, 120
[2025-10-06 17:40:30] donation_pending.php module loaded
[2025-10-06 17:40:31] Processing 49 donors. Donor IDs: 182, 179, 178, 177, 176, 175, 174, 173, 172, 171, 170, 169, 167, 166, 165, 164, 162, 161, 160, 159, 154, 153, 151, 150, 149, 148, 147, 146, 145, 144, 143, 142, 141, 140, 139, 137, 136, 135, 134, 129, 127, 126, 125, 124, 123, 122, 121, 120, 119
[2025-10-06 17:40:31] Found target donor IDs in fetched data: 176, 169, 170, 144, 140, 142, 135, 120
[2025-10-06 17:46:06] donation_pending.php module loaded
[2025-10-06 17:46:07] Processing 49 donors. Donor IDs: 182, 179, 178, 177, 176, 175, 174, 173, 172, 171, 170, 169, 167, 166, 165, 164, 162, 161, 160, 159, 154, 153, 151, 150, 149, 148, 147, 146, 145, 144, 143, 142, 141, 140, 139, 137, 136, 135, 134, 129, 127, 126, 125, 124, 123, 122, 121, 120, 119
[2025-10-06 17:46:07] Found target donor IDs in fetched data: 176, 169, 170, 144, 140, 142, 135, 120
[2025-10-06 17:46:59] donation_pending.php module loaded
[2025-10-06 17:47:00] Processing 49 donors. Donor IDs: 182, 179, 178, 177, 176, 175, 174, 173, 172, 171, 170, 169, 167, 166, 165, 164, 162, 161, 160, 159, 154, 153, 151, 150, 149, 148, 147, 146, 145, 144, 143, 142, 141, 140, 139, 137, 136, 135, 134, 129, 127, 126, 125, 124, 123, 122, 121, 120, 119
[2025-10-06 17:47:00] Found target donor IDs in fetched data: 176, 169, 170, 144, 140, 142, 135, 120
[2025-10-06 17:47:24] donation_pending.php module loaded
[2025-10-06 17:47:25] Processing 49 donors. Donor IDs: 182, 179, 178, 177, 176, 175, 174, 173, 172, 171, 170, 169, 167, 166, 165, 164, 162, 161, 160, 159, 154, 153, 151, 150, 149, 148, 147, 146, 145, 144, 143, 142, 141, 140, 139, 137, 136, 135, 134, 129, 127, 126, 125, 124, 123, 122, 121, 120, 119
[2025-10-06 17:47:25] Found target donor IDs in fetched data: 176, 169, 170, 144, 140, 142, 135, 120
[2025-10-06 17:48:20] donation_pending.php module loaded
[2025-10-06 17:48:21] Processing 49 donors. Donor IDs: 182, 179, 178, 177, 176, 175, 174, 173, 172, 171, 170, 169, 167, 166, 165, 164, 162, 161, 160, 159, 154, 153, 151, 150, 149, 148, 147, 146, 145, 144, 143, 142, 141, 140, 139, 137, 136, 135, 134, 129, 127, 126, 125, 124, 123, 122, 121, 120, 119
[2025-10-06 17:48:21] Found target donor IDs in fetched data: 176, 169, 170, 144, 140, 142, 135, 120
[2025-10-06 17:52:30] donation_pending.php module loaded
[2025-10-06 17:52:31] Processing 49 donors. Donor IDs: 182, 179, 178, 177, 176, 175, 174, 173, 172, 171, 170, 169, 167, 166, 165, 164, 162, 161, 160, 159, 154, 153, 151, 150, 149, 148, 147, 146, 145, 144, 143, 142, 141, 140, 139, 137, 136, 135, 134, 129, 127, 126, 125, 124, 123, 122, 121, 120, 119
[2025-10-06 17:52:31] Found target donor IDs in fetched data: 176, 169, 170, 144, 140, 142, 135, 120
[2025-10-06 17:53:06] donation_pending.php module loaded
[2025-10-06 17:53:08] Processing 49 donors. Donor IDs: 182, 179, 178, 177, 176, 175, 174, 173, 172, 171, 170, 169, 167, 166, 165, 164, 162, 161, 160, 159, 154, 153, 151, 150, 149, 148, 147, 146, 145, 144, 143, 142, 141, 140, 139, 137, 136, 135, 134, 129, 127, 126, 125, 124, 123, 122, 121, 120, 119
[2025-10-06 17:53:08] Found target donor IDs in fetched data: 176, 169, 170, 144, 140, 142, 135, 120
[2025-10-06 18:00:55] donation_pending.php module loaded
[2025-10-06 18:00:57] Processing 49 donors. Donor IDs: 182, 179, 178, 177, 176, 175, 174, 173, 172, 171, 170, 169, 167, 166, 165, 164, 162, 161, 160, 159, 154, 153, 151, 150, 149, 148, 147, 146, 145, 144, 143, 142, 141, 140, 139, 137, 136, 135, 134, 129, 127, 126, 125, 124, 123, 122, 121, 120, 119
[2025-10-06 18:00:57] Found target donor IDs in fetched data: 176, 169, 170, 144, 140, 142, 135, 120
[2025-10-06 18:09:13] donation_pending.php module loaded
[2025-10-06 18:09:14] Processing 49 donors. Donor IDs: 182, 179, 178, 177, 176, 175, 174, 173, 172, 171, 170, 169, 167, 166, 165, 164, 162, 161, 160, 159, 154, 153, 151, 150, 149, 148, 147, 146, 145, 144, 143, 142, 141, 140, 139, 137, 136, 135, 134, 129, 127, 126, 125, 124, 123, 122, 121, 120, 119
[2025-10-06 18:09:14] Found target donor IDs in fetched data: 176, 169, 170, 144, 140, 142, 135, 120
[2025-10-06 18:15:13] donation_pending.php module loaded
[2025-10-06 18:15:14] Processing 49 donors. Donor IDs: 182, 179, 178, 177, 176, 175, 174, 173, 172, 171, 170, 169, 167, 166, 165, 164, 162, 161, 160, 159, 154, 153, 151, 150, 149, 148, 147, 146, 145, 144, 143, 142, 141, 140, 139, 137, 136, 135, 134, 129, 127, 126, 125, 124, 123, 122, 121, 120, 119
[2025-10-06 18:15:14] Found target donor IDs in fetched data: 176, 169, 170, 144, 140, 142, 135, 120
[2025-10-06 18:22:24] donation_pending.php module loaded
[2025-10-06 18:22:25] Processing 49 donors. Donor IDs: 182, 179, 178, 177, 176, 175, 174, 173, 172, 171, 170, 169, 167, 166, 165, 164, 162, 161, 160, 159, 154, 153, 151, 150, 149, 148, 147, 146, 145, 144, 143, 142, 141, 140, 139, 137, 136, 135, 134, 129, 127, 126, 125, 124, 123, 122, 121, 120, 119
[2025-10-06 18:22:25] Found target donor IDs in fetched data: 176, 169, 170, 144, 140, 142, 135, 120
[2025-10-06 18:30:47] donation_pending.php module loaded
[2025-10-06 18:30:48] Processing 49 donors. Donor IDs: 182, 179, 178, 177, 176, 175, 174, 173, 172, 171, 170, 169, 167, 166, 165, 164, 162, 161, 160, 159, 154, 153, 151, 150, 149, 148, 147, 146, 145, 144, 143, 142, 141, 140, 139, 137, 136, 135, 134, 129, 127, 126, 125, 124, 123, 122, 121, 120, 119
[2025-10-06 18:30:48] Found target donor IDs in fetched data: 176, 169, 170, 144, 140, 142, 135, 120
[2025-10-06 18:37:37] donation_pending.php module loaded
[2025-10-06 18:37:38] Processing 49 donors. Donor IDs: 182, 179, 178, 177, 176, 175, 174, 173, 172, 171, 170, 169, 167, 166, 165, 164, 162, 161, 160, 159, 154, 153, 151, 150, 149, 148, 147, 146, 145, 144, 143, 142, 141, 140, 139, 137, 136, 135, 134, 129, 127, 126, 125, 124, 123, 122, 121, 120, 119
[2025-10-06 18:37:38] Found target donor IDs in fetched data: 176, 169, 170, 144, 140, 142, 135, 120
[2025-10-06 18:47:26] donation_pending.php module loaded
[2025-10-06 18:47:27] Processing 49 donors. Donor IDs: 182, 179, 178, 177, 176, 175, 174, 173, 172, 171, 170, 169, 167, 166, 165, 164, 162, 161, 160, 159, 154, 153, 151, 150, 149, 148, 147, 146, 145, 144, 143, 142, 141, 140, 139, 137, 136, 135, 134, 129, 127, 126, 125, 124, 123, 122, 121, 120, 119
[2025-10-06 18:47:27] Found target donor IDs in fetched data: 176, 169, 170, 144, 140, 142, 135, 120
[2025-10-06 18:48:31] donation_pending.php module loaded
[2025-10-06 18:48:32] Processing 49 donors. Donor IDs: 182, 179, 178, 177, 176, 175, 174, 173, 172, 171, 170, 169, 167, 166, 165, 164, 162, 161, 160, 159, 154, 153, 151, 150, 149, 148, 147, 146, 145, 144, 143, 142, 141, 140, 139, 137, 136, 135, 134, 129, 127, 126, 125, 124, 123, 122, 121, 120, 119
[2025-10-06 18:48:32] Found target donor IDs in fetched data: 176, 169, 170, 144, 140, 142, 135, 120
[2025-10-06 18:54:27] donation_pending.php module loaded
[2025-10-06 18:54:28] Processing 49 donors. Donor IDs: 182, 179, 178, 177, 176, 175, 174, 173, 172, 171, 170, 169, 167, 166, 165, 164, 162, 161, 160, 159, 154, 153, 151, 150, 149, 148, 147, 146, 145, 144, 143, 142, 141, 140, 139, 137, 136, 135, 134, 129, 127, 126, 125, 124, 123, 122, 121, 120, 119
[2025-10-06 18:54:28] Found target donor IDs in fetched data: 176, 169, 170, 144, 140, 142, 135, 120
[2025-10-06 18:56:36] donation_pending.php module loaded
[2025-10-06 18:56:37] Processing 49 donors. Donor IDs: 182, 179, 178, 177, 176, 175, 174, 173, 172, 171, 170, 169, 167, 166, 165, 164, 162, 161, 160, 159, 154, 153, 151, 150, 149, 148, 147, 146, 145, 144, 143, 142, 141, 140, 139, 137, 136, 135, 134, 129, 127, 126, 125, 124, 123, 122, 121, 120, 119
[2025-10-06 18:56:37] Found target donor IDs in fetched data: 176, 169, 170, 144, 140, 142, 135, 120
[2025-10-06 18:57:39] donation_pending.php module loaded
[2025-10-06 18:57:40] Processing 49 donors. Donor IDs: 182, 179, 178, 177, 176, 175, 174, 173, 172, 171, 170, 169, 167, 166, 165, 164, 162, 161, 160, 159, 154, 153, 151, 150, 149, 148, 147, 146, 145, 144, 143, 142, 141, 140, 139, 137, 136, 135, 134, 129, 127, 126, 125, 124, 123, 122, 121, 120, 119
[2025-10-06 18:57:40] Found target donor IDs in fetched data: 176, 169, 170, 144, 140, 142, 135, 120
[2025-10-06 19:00:32] donation_pending.php module loaded
[2025-10-06 19:00:34] Processing 49 donors. Donor IDs: 182, 179, 178, 177, 176, 175, 174, 173, 172, 171, 170, 169, 167, 166, 165, 164, 162, 161, 160, 159, 154, 153, 151, 150, 149, 148, 147, 146, 145, 144, 143, 142, 141, 140, 139, 137, 136, 135, 134, 129, 127, 126, 125, 124, 123, 122, 121, 120, 119
[2025-10-06 19:00:34] Found target donor IDs in fetched data: 176, 169, 170, 144, 140, 142, 135, 120
[2025-10-06 19:02:12] donation_pending.php module loaded
[2025-10-06 19:02:14] Processing 49 donors. Donor IDs: 182, 179, 178, 177, 176, 175, 174, 173, 172, 171, 170, 169, 167, 166, 165, 164, 162, 161, 160, 159, 154, 153, 151, 150, 149, 148, 147, 146, 145, 144, 143, 142, 141, 140, 139, 137, 136, 135, 134, 129, 127, 126, 125, 124, 123, 122, 121, 120, 119
[2025-10-06 19:02:14] Found target donor IDs in fetched data: 176, 169, 170, 144, 140, 142, 135, 120
[2025-10-06 19:10:42] donation_pending.php module loaded
[2025-10-06 19:10:43] Processing 49 donors. Donor IDs: 182, 179, 178, 177, 176, 175, 174, 173, 172, 171, 170, 169, 167, 166, 165, 164, 162, 161, 160, 159, 154, 153, 151, 150, 149, 148, 147, 146, 145, 144, 143, 142, 141, 140, 139, 137, 136, 135, 134, 129, 127, 126, 125, 124, 123, 122, 121, 120, 119
[2025-10-06 19:10:43] Found target donor IDs in fetched data: 176, 169, 170, 144, 140, 142, 135, 120
[2025-10-06 19:15:39] donation_pending.php module loaded
[2025-10-06 19:15:40] Processing 49 donors. Donor IDs: 182, 179, 178, 177, 176, 175, 174, 173, 172, 171, 170, 169, 167, 166, 165, 164, 162, 161, 160, 159, 154, 153, 151, 150, 149, 148, 147, 146, 145, 144, 143, 142, 141, 140, 139, 137, 136, 135, 134, 129, 127, 126, 125, 124, 123, 122, 121, 120, 119
[2025-10-06 19:15:40] Found target donor IDs in fetched data: 176, 169, 170, 144, 140, 142, 135, 120
[2025-10-06 19:20:36] donation_pending.php module loaded
[2025-10-06 19:20:37] Processing 49 donors. Donor IDs: 182, 179, 178, 177, 176, 175, 174, 173, 172, 171, 170, 169, 167, 166, 165, 164, 162, 161, 160, 159, 154, 153, 151, 150, 149, 148, 147, 146, 145, 144, 143, 142, 141, 140, 139, 137, 136, 135, 134, 129, 127, 126, 125, 124, 123, 122, 121, 120, 119
[2025-10-06 19:20:37] Found target donor IDs in fetched data: 176, 169, 170, 144, 140, 142, 135, 120
[2025-10-06 19:20:59] donation_pending.php module loaded
[2025-10-06 19:21:00] Processing 49 donors. Donor IDs: 182, 179, 178, 177, 176, 175, 174, 173, 172, 171, 170, 169, 167, 166, 165, 164, 162, 161, 160, 159, 154, 153, 151, 150, 149, 148, 147, 146, 145, 144, 143, 142, 141, 140, 139, 137, 136, 135, 134, 129, 127, 126, 125, 124, 123, 122, 121, 120, 119
[2025-10-06 19:21:00] Found target donor IDs in fetched data: 176, 169, 170, 144, 140, 142, 135, 120
[2025-10-06 19:27:45] donation_pending.php module loaded
[2025-10-06 19:27:47] Processing 49 donors. Donor IDs: 182, 179, 178, 177, 176, 175, 174, 173, 172, 171, 170, 169, 167, 166, 165, 164, 162, 161, 160, 159, 154, 153, 151, 150, 149, 148, 147, 146, 145, 144, 143, 142, 141, 140, 139, 137, 136, 135, 134, 129, 127, 126, 125, 124, 123, 122, 121, 120, 119
[2025-10-06 19:27:47] Found target donor IDs in fetched data: 176, 169, 170, 144, 140, 142, 135, 120
[2025-10-06 19:33:04] donation_pending.php module loaded
[2025-10-06 19:33:05] Processing 49 donors. Donor IDs: 182, 179, 178, 177, 176, 175, 174, 173, 172, 171, 170, 169, 167, 166, 165, 164, 162, 161, 160, 159, 154, 153, 151, 150, 149, 148, 147, 146, 145, 144, 143, 142, 141, 140, 139, 137, 136, 135, 134, 129, 127, 126, 125, 124, 123, 122, 121, 120, 119
[2025-10-06 19:33:05] Found target donor IDs in fetched data: 176, 169, 170, 144, 140, 142, 135, 120
[2025-10-06 19:40:49] donation_pending.php module loaded
[2025-10-06 19:40:50] Processing 49 donors. Donor IDs: 182, 179, 178, 177, 176, 175, 174, 173, 172, 171, 170, 169, 167, 166, 165, 164, 162, 161, 160, 159, 154, 153, 151, 150, 149, 148, 147, 146, 145, 144, 143, 142, 141, 140, 139, 137, 136, 135, 134, 129, 127, 126, 125, 124, 123, 122, 121, 120, 119
[2025-10-06 19:40:50] Found target donor IDs in fetched data: 176, 169, 170, 144, 140, 142, 135, 120
[2025-10-06 20:11:22] donation_pending.php module loaded
[2025-10-06 20:11:23] Processing 49 donors. Donor IDs: 182, 179, 178, 177, 176, 175, 174, 173, 172, 171, 170, 169, 167, 166, 165, 164, 162, 161, 160, 159, 154, 153, 151, 150, 149, 148, 147, 146, 145, 144, 143, 142, 141, 140, 139, 137, 136, 135, 134, 129, 127, 126, 125, 124, 123, 122, 121, 120, 119
[2025-10-06 20:11:23] Found target donor IDs in fetched data: 176, 169, 170, 144, 140, 142, 135, 120
[2025-10-06 20:13:42] donation_pending.php module loaded
[2025-10-06 20:13:44] Processing 49 donors. Donor IDs: 182, 179, 178, 177, 176, 175, 174, 173, 172, 171, 170, 169, 167, 166, 165, 164, 162, 161, 160, 159, 154, 153, 151, 150, 149, 148, 147, 146, 145, 144, 143, 142, 141, 140, 139, 137, 136, 135, 134, 129, 127, 126, 125, 124, 123, 122, 121, 120, 119
[2025-10-06 20:13:44] Found target donor IDs in fetched data: 176, 169, 170, 144, 140, 142, 135, 120
[2025-10-06 20:16:40] donation_pending.php module loaded
[2025-10-06 20:16:42] Processing 49 donors. Donor IDs: 182, 179, 178, 177, 176, 175, 174, 173, 172, 171, 170, 169, 167, 166, 165, 164, 162, 161, 160, 159, 154, 153, 151, 150, 149, 148, 147, 146, 145, 144, 143, 142, 141, 140, 139, 137, 136, 135, 134, 129, 127, 126, 125, 124, 123, 122, 121, 120, 119
[2025-10-06 20:16:42] Found target donor IDs in fetched data: 176, 169, 170, 144, 140, 142, 135, 120
[2025-10-06 20:19:29] donation_pending.php module loaded
[2025-10-06 20:19:30] Processing 49 donors. Donor IDs: 182, 179, 178, 177, 176, 175, 174, 173, 172, 171, 170, 169, 167, 166, 165, 164, 162, 161, 160, 159, 154, 153, 151, 150, 149, 148, 147, 146, 145, 144, 143, 142, 141, 140, 139, 137, 136, 135, 134, 129, 127, 126, 125, 124, 123, 122, 121, 120, 119
[2025-10-06 20:19:30] Found target donor IDs in fetched data: 176, 169, 170, 144, 140, 142, 135, 120
[2025-10-06 20:20:01] donation_pending.php module loaded
[2025-10-06 20:20:02] Processing 49 donors. Donor IDs: 182, 179, 178, 177, 176, 175, 174, 173, 172, 171, 170, 169, 167, 166, 165, 164, 162, 161, 160, 159, 154, 153, 151, 150, 149, 148, 147, 146, 145, 144, 143, 142, 141, 140, 139, 137, 136, 135, 134, 129, 127, 126, 125, 124, 123, 122, 121, 120, 119
[2025-10-06 20:20:02] Found target donor IDs in fetched data: 176, 169, 170, 144, 140, 142, 135, 120
[2025-10-06 20:20:21] donation_pending.php module loaded
[2025-10-06 20:20:22] Processing 49 donors. Donor IDs: 182, 179, 178, 177, 176, 175, 174, 173, 172, 171, 170, 169, 167, 166, 165, 164, 162, 161, 160, 159, 154, 153, 151, 150, 149, 148, 147, 146, 145, 144, 143, 142, 141, 140, 139, 137, 136, 135, 134, 129, 127, 126, 125, 124, 123, 122, 121, 120, 119
[2025-10-06 20:20:22] Found target donor IDs in fetched data: 176, 169, 170, 144, 140, 142, 135, 120
[2025-10-06 20:23:16] donation_pending.php module loaded
[2025-10-06 20:23:18] Processing 49 donors. Donor IDs: 182, 179, 178, 177, 176, 175, 174, 173, 172, 171, 170, 169, 167, 166, 165, 164, 162, 161, 160, 159, 154, 153, 151, 150, 149, 148, 147, 146, 145, 144, 143, 142, 141, 140, 139, 137, 136, 135, 134, 129, 127, 126, 125, 124, 123, 122, 121, 120, 119
[2025-10-06 20:23:18] Found target donor IDs in fetched data: 176, 169, 170, 144, 140, 142, 135, 120
[2025-10-07 13:08:51] donation_pending.php module loaded
[2025-10-07 13:08:52] Processing 49 donors. Donor IDs: 182, 179, 178, 177, 176, 175, 174, 173, 172, 171, 170, 169, 167, 166, 165, 164, 162, 161, 160, 159, 154, 153, 151, 150, 149, 148, 147, 146, 145, 144, 143, 142, 141, 140, 139, 137, 136, 135, 134, 129, 127, 126, 125, 124, 123, 122, 121, 120, 119
[2025-10-07 13:08:52] Found target donor IDs in fetched data: 176, 169, 170, 144, 140, 142, 135, 120
[2025-10-07 13:09:19] donation_pending.php module loaded
[2025-10-07 13:09:20] Processing 49 donors. Donor IDs: 182, 179, 178, 177, 176, 175, 174, 173, 172, 171, 170, 169, 167, 166, 165, 164, 162, 161, 160, 159, 154, 153, 151, 150, 149, 148, 147, 146, 145, 144, 143, 142, 141, 140, 139, 137, 136, 135, 134, 129, 127, 126, 125, 124, 123, 122, 121, 120, 119
[2025-10-07 13:09:20] Found target donor IDs in fetched data: 176, 169, 170, 144, 140, 142, 135, 120
[2025-10-07 13:10:01] donation_pending.php module loaded
[2025-10-07 13:10:02] Processing 49 donors. Donor IDs: 182, 179, 178, 177, 176, 175, 174, 173, 172, 171, 170, 169, 167, 166, 165, 164, 162, 161, 160, 159, 154, 153, 151, 150, 149, 148, 147, 146, 145, 144, 143, 142, 141, 140, 139, 137, 136, 135, 134, 129, 127, 126, 125, 124, 123, 122, 121, 120, 119
[2025-10-07 13:10:02] Found target donor IDs in fetched data: 176, 169, 170, 144, 140, 142, 135, 120
[2025-10-07 13:10:26] donation_pending.php module loaded
[2025-10-07 13:10:27] Processing 49 donors. Donor IDs: 182, 179, 178, 177, 176, 175, 174, 173, 172, 171, 170, 169, 167, 166, 165, 164, 162, 161, 160, 159, 154, 153, 151, 150, 149, 148, 147, 146, 145, 144, 143, 142, 141, 140, 139, 137, 136, 135, 134, 129, 127, 126, 125, 124, 123, 122, 121, 120, 119
[2025-10-07 13:10:27] Found target donor IDs in fetched data: 176, 169, 170, 144, 140, 142, 135, 120
[2025-10-07 13:18:55] donation_pending.php module loaded
[2025-10-07 13:18:56] Processing 49 donors. Donor IDs: 182, 179, 178, 177, 176, 175, 174, 173, 172, 171, 170, 169, 167, 166, 165, 164, 162, 161, 160, 159, 154, 153, 151, 150, 149, 148, 147, 146, 145, 144, 143, 142, 141, 140, 139, 137, 136, 135, 134, 129, 127, 126, 125, 124, 123, 122, 121, 120, 119
[2025-10-07 13:18:56] Found target donor IDs in fetched data: 176, 169, 170, 144, 140, 142, 135, 120
[2025-10-07 13:19:15] donation_pending.php module loaded
[2025-10-07 13:19:16] Processing 49 donors. Donor IDs: 182, 179, 178, 177, 176, 175, 174, 173, 172, 171, 170, 169, 167, 166, 165, 164, 162, 161, 160, 159, 154, 153, 151, 150, 149, 148, 147, 146, 145, 144, 143, 142, 141, 140, 139, 137, 136, 135, 134, 129, 127, 126, 125, 124, 123, 122, 121, 120, 119
[2025-10-07 13:19:16] Found target donor IDs in fetched data: 176, 169, 170, 144, 140, 142, 135, 120
[2025-10-07 13:21:38] donation_pending.php module loaded
[2025-10-07 13:21:39] Processing 49 donors. Donor IDs: 182, 179, 178, 177, 176, 175, 174, 173, 172, 171, 170, 169, 167, 166, 165, 164, 162, 161, 160, 159, 154, 153, 151, 150, 149, 148, 147, 146, 145, 144, 143, 142, 141, 140, 139, 137, 136, 135, 134, 129, 127, 126, 125, 124, 123, 122, 121, 120, 119
[2025-10-07 13:21:39] Found target donor IDs in fetched data: 176, 169, 170, 144, 140, 142, 135, 120
[2025-10-07 13:21:44] donation_pending.php module loaded
[2025-10-07 13:21:45] Processing 49 donors. Donor IDs: 182, 179, 178, 177, 176, 175, 174, 173, 172, 171, 170, 169, 167, 166, 165, 164, 162, 161, 160, 159, 154, 153, 151, 150, 149, 148, 147, 146, 145, 144, 143, 142, 141, 140, 139, 137, 136, 135, 134, 129, 127, 126, 125, 124, 123, 122, 121, 120, 119
[2025-10-07 13:21:45] Found target donor IDs in fetched data: 176, 169, 170, 144, 140, 142, 135, 120
[2025-10-07 13:22:00] donation_pending.php module loaded
[2025-10-07 13:22:01] Processing 49 donors. Donor IDs: 182, 179, 178, 177, 176, 175, 174, 173, 172, 171, 170, 169, 167, 166, 165, 164, 162, 161, 160, 159, 154, 153, 151, 150, 149, 148, 147, 146, 145, 144, 143, 142, 141, 140, 139, 137, 136, 135, 134, 129, 127, 126, 125, 124, 123, 122, 121, 120, 119
[2025-10-07 13:22:01] Found target donor IDs in fetched data: 176, 169, 170, 144, 140, 142, 135, 120
[2025-10-07 13:22:15] donation_pending.php module loaded
[2025-10-07 13:22:16] Processing 49 donors. Donor IDs: 182, 179, 178, 177, 176, 175, 174, 173, 172, 171, 170, 169, 167, 166, 165, 164, 162, 161, 160, 159, 154, 153, 151, 150, 149, 148, 147, 146, 145, 144, 143, 142, 141, 140, 139, 137, 136, 135, 134, 129, 127, 126, 125, 124, 123, 122, 121, 120, 119
[2025-10-07 13:22:16] Found target donor IDs in fetched data: 176, 169, 170, 144, 140, 142, 135, 120
[2025-10-07 13:22:35] donation_pending.php module loaded
[2025-10-07 13:22:36] Processing 49 donors. Donor IDs: 182, 179, 178, 177, 176, 175, 174, 173, 172, 171, 170, 169, 167, 166, 165, 164, 162, 161, 160, 159, 154, 153, 151, 150, 149, 148, 147, 146, 145, 144, 143, 142, 141, 140, 139, 137, 136, 135, 134, 129, 127, 126, 125, 124, 123, 122, 121, 120, 119
[2025-10-07 13:22:36] Found target donor IDs in fetched data: 176, 169, 170, 144, 140, 142, 135, 120
[2025-10-07 13:23:34] donation_pending.php module loaded
[2025-10-07 13:23:36] Processing 49 donors. Donor IDs: 182, 179, 178, 177, 176, 175, 174, 173, 172, 171, 170, 169, 167, 166, 165, 164, 162, 161, 160, 159, 154, 153, 151, 150, 149, 148, 147, 146, 145, 144, 143, 142, 141, 140, 139, 137, 136, 135, 134, 129, 127, 126, 125, 124, 123, 122, 121, 120, 119
[2025-10-07 13:23:36] Found target donor IDs in fetched data: 176, 169, 170, 144, 140, 142, 135, 120
[2025-10-07 13:29:27] donation_pending.php module loaded
[2025-10-07 13:29:28] Processing 49 donors. Donor IDs: 182, 179, 178, 177, 176, 175, 174, 173, 172, 171, 170, 169, 167, 166, 165, 164, 162, 161, 160, 159, 154, 153, 151, 150, 149, 148, 147, 146, 145, 144, 143, 142, 141, 140, 139, 137, 136, 135, 134, 129, 127, 126, 125, 124, 123, 122, 121, 120, 119
[2025-10-07 13:29:28] Found target donor IDs in fetched data: 176, 169, 170, 144, 140, 142, 135, 120
[2025-10-07 13:39:41] donation_pending.php module loaded
[2025-10-07 13:39:42] Processing 49 donors. Donor IDs: 182, 179, 178, 177, 176, 175, 174, 173, 172, 171, 170, 169, 167, 166, 165, 164, 162, 161, 160, 159, 154, 153, 151, 150, 149, 148, 147, 146, 145, 144, 143, 142, 141, 140, 139, 137, 136, 135, 134, 129, 127, 126, 125, 124, 123, 122, 121, 120, 119
[2025-10-07 13:39:42] Found target donor IDs in fetched data: 176, 169, 170, 144, 140, 142, 135, 120
[2025-10-07 13:40:31] donation_pending.php module loaded
[2025-10-07 13:40:32] Processing 49 donors. Donor IDs: 182, 179, 178, 177, 176, 175, 174, 173, 172, 171, 170, 169, 167, 166, 165, 164, 162, 161, 160, 159, 154, 153, 151, 150, 149, 148, 147, 146, 145, 144, 143, 142, 141, 140, 139, 137, 136, 135, 134, 129, 127, 126, 125, 124, 123, 122, 121, 120, 119
[2025-10-07 13:40:32] Found target donor IDs in fetched data: 176, 169, 170, 144, 140, 142, 135, 120
[2025-10-07 13:40:46] donation_pending.php module loaded
[2025-10-07 13:40:46] Processing 49 donors. Donor IDs: 182, 179, 178, 177, 176, 175, 174, 173, 172, 171, 170, 169, 167, 166, 165, 164, 162, 161, 160, 159, 154, 153, 151, 150, 149, 148, 147, 146, 145, 144, 143, 142, 141, 140, 139, 137, 136, 135, 134, 129, 127, 126, 125, 124, 123, 122, 121, 120, 119
[2025-10-07 13:40:46] Found target donor IDs in fetched data: 176, 169, 170, 144, 140, 142, 135, 120
[2025-10-07 13:41:05] donation_pending.php module loaded
[2025-10-07 13:41:06] Processing 49 donors. Donor IDs: 182, 179, 178, 177, 176, 175, 174, 173, 172, 171, 170, 169, 167, 166, 165, 164, 162, 161, 160, 159, 154, 153, 151, 150, 149, 148, 147, 146, 145, 144, 143, 142, 141, 140, 139, 137, 136, 135, 134, 129, 127, 126, 125, 124, 123, 122, 121, 120, 119
[2025-10-07 13:41:06] Found target donor IDs in fetched data: 176, 169, 170, 144, 140, 142, 135, 120
[2025-10-07 13:41:20] donation_pending.php module loaded
[2025-10-07 13:41:21] Processing 49 donors. Donor IDs: 182, 179, 178, 177, 176, 175, 174, 173, 172, 171, 170, 169, 167, 166, 165, 164, 162, 161, 160, 159, 154, 153, 151, 150, 149, 148, 147, 146, 145, 144, 143, 142, 141, 140, 139, 137, 136, 135, 134, 129, 127, 126, 125, 124, 123, 122, 121, 120, 119
[2025-10-07 13:41:21] Found target donor IDs in fetched data: 176, 169, 170, 144, 140, 142, 135, 120
[2025-10-07 13:41:35] donation_pending.php module loaded
[2025-10-07 13:41:36] Processing 49 donors. Donor IDs: 182, 179, 178, 177, 176, 175, 174, 173, 172, 171, 170, 169, 167, 166, 165, 164, 162, 161, 160, 159, 154, 153, 151, 150, 149, 148, 147, 146, 145, 144, 143, 142, 141, 140, 139, 137, 136, 135, 134, 129, 127, 126, 125, 124, 123, 122, 121, 120, 119
[2025-10-07 13:41:36] Found target donor IDs in fetched data: 176, 169, 170, 144, 140, 142, 135, 120
[2025-10-07 13:41:49] donation_pending.php module loaded
[2025-10-07 13:41:50] Processing 49 donors. Donor IDs: 182, 179, 178, 177, 176, 175, 174, 173, 172, 171, 170, 169, 167, 166, 165, 164, 162, 161, 160, 159, 154, 153, 151, 150, 149, 148, 147, 146, 145, 144, 143, 142, 141, 140, 139, 137, 136, 135, 134, 129, 127, 126, 125, 124, 123, 122, 121, 120, 119
[2025-10-07 13:41:50] Found target donor IDs in fetched data: 176, 169, 170, 144, 140, 142, 135, 120
[2025-10-07 13:42:04] donation_pending.php module loaded
[2025-10-07 13:42:04] Processing 49 donors. Donor IDs: 182, 179, 178, 177, 176, 175, 174, 173, 172, 171, 170, 169, 167, 166, 165, 164, 162, 161, 160, 159, 154, 153, 151, 150, 149, 148, 147, 146, 145, 144, 143, 142, 141, 140, 139, 137, 136, 135, 134, 129, 127, 126, 125, 124, 123, 122, 121, 120, 119
[2025-10-07 13:42:04] Found target donor IDs in fetched data: 176, 169, 170, 144, 140, 142, 135, 120
[2025-10-07 13:42:19] donation_pending.php module loaded
[2025-10-07 13:42:19] Processing 49 donors. Donor IDs: 182, 179, 178, 177, 176, 175, 174, 173, 172, 171, 170, 169, 167, 166, 165, 164, 162, 161, 160, 159, 154, 153, 151, 150, 149, 148, 147, 146, 145, 144, 143, 142, 141, 140, 139, 137, 136, 135, 134, 129, 127, 126, 125, 124, 123, 122, 121, 120, 119
[2025-10-07 13:42:19] Found target donor IDs in fetched data: 176, 169, 170, 144, 140, 142, 135, 120
[2025-10-07 13:42:34] donation_pending.php module loaded
[2025-10-07 13:42:34] Processing 49 donors. Donor IDs: 182, 179, 178, 177, 176, 175, 174, 173, 172, 171, 170, 169, 167, 166, 165, 164, 162, 161, 160, 159, 154, 153, 151, 150, 149, 148, 147, 146, 145, 144, 143, 142, 141, 140, 139, 137, 136, 135, 134, 129, 127, 126, 125, 124, 123, 122, 121, 120, 119
[2025-10-07 13:42:34] Found target donor IDs in fetched data: 176, 169, 170, 144, 140, 142, 135, 120
[2025-10-07 13:42:48] donation_pending.php module loaded
[2025-10-07 13:42:49] Processing 49 donors. Donor IDs: 182, 179, 178, 177, 176, 175, 174, 173, 172, 171, 170, 169, 167, 166, 165, 164, 162, 161, 160, 159, 154, 153, 151, 150, 149, 148, 147, 146, 145, 144, 143, 142, 141, 140, 139, 137, 136, 135, 134, 129, 127, 126, 125, 124, 123, 122, 121, 120, 119
[2025-10-07 13:42:49] Found target donor IDs in fetched data: 176, 169, 170, 144, 140, 142, 135, 120
[2025-10-07 13:43:09] donation_pending.php module loaded
[2025-10-07 13:43:10] Processing 49 donors. Donor IDs: 182, 179, 178, 177, 176, 175, 174, 173, 172, 171, 170, 169, 167, 166, 165, 164, 162, 161, 160, 159, 154, 153, 151, 150, 149, 148, 147, 146, 145, 144, 143, 142, 141, 140, 139, 137, 136, 135, 134, 129, 127, 126, 125, 124, 123, 122, 121, 120, 119
[2025-10-07 13:43:10] Found target donor IDs in fetched data: 176, 169, 170, 144, 140, 142, 135, 120
[2025-10-07 13:43:24] donation_pending.php module loaded
[2025-10-07 13:43:25] Processing 49 donors. Donor IDs: 182, 179, 178, 177, 176, 175, 174, 173, 172, 171, 170, 169, 167, 166, 165, 164, 162, 161, 160, 159, 154, 153, 151, 150, 149, 148, 147, 146, 145, 144, 143, 142, 141, 140, 139, 137, 136, 135, 134, 129, 127, 126, 125, 124, 123, 122, 121, 120, 119
[2025-10-07 13:43:25] Found target donor IDs in fetched data: 176, 169, 170, 144, 140, 142, 135, 120
[2025-10-07 13:43:43] donation_pending.php module loaded
[2025-10-07 13:43:44] Processing 49 donors. Donor IDs: 182, 179, 178, 177, 176, 175, 174, 173, 172, 171, 170, 169, 167, 166, 165, 164, 162, 161, 160, 159, 154, 153, 151, 150, 149, 148, 147, 146, 145, 144, 143, 142, 141, 140, 139, 137, 136, 135, 134, 129, 127, 126, 125, 124, 123, 122, 121, 120, 119
[2025-10-07 13:43:44] Found target donor IDs in fetched data: 176, 169, 170, 144, 140, 142, 135, 120
[2025-10-07 13:44:39] donation_pending.php module loaded
[2025-10-07 13:44:40] Processing 49 donors. Donor IDs: 182, 179, 178, 177, 176, 175, 174, 173, 172, 171, 170, 169, 167, 166, 165, 164, 162, 161, 160, 159, 154, 153, 151, 150, 149, 148, 147, 146, 145, 144, 143, 142, 141, 140, 139, 137, 136, 135, 134, 129, 127, 126, 125, 124, 123, 122, 121, 120, 119
[2025-10-07 13:44:40] Found target donor IDs in fetched data: 176, 169, 170, 144, 140, 142, 135, 120
[2025-10-07 13:45:28] donation_pending.php module loaded
[2025-10-07 13:45:29] Processing 49 donors. Donor IDs: 182, 179, 178, 177, 176, 175, 174, 173, 172, 171, 170, 169, 167, 166, 165, 164, 162, 161, 160, 159, 154, 153, 151, 150, 149, 148, 147, 146, 145, 144, 143, 142, 141, 140, 139, 137, 136, 135, 134, 129, 127, 126, 125, 124, 123, 122, 121, 120, 119
[2025-10-07 13:45:29] Found target donor IDs in fetched data: 176, 169, 170, 144, 140, 142, 135, 120
[2025-10-07 13:46:02] donation_pending.php module loaded
[2025-10-07 13:46:03] Processing 49 donors. Donor IDs: 182, 179, 178, 177, 176, 175, 174, 173, 172, 171, 170, 169, 167, 166, 165, 164, 162, 161, 160, 159, 154, 153, 151, 150, 149, 148, 147, 146, 145, 144, 143, 142, 141, 140, 139, 137, 136, 135, 134, 129, 127, 126, 125, 124, 123, 122, 121, 120, 119
[2025-10-07 13:46:03] Found target donor IDs in fetched data: 176, 169, 170, 144, 140, 142, 135, 120
[2025-10-07 13:46:33] donation_pending.php module loaded
[2025-10-07 13:46:34] Processing 49 donors. Donor IDs: 182, 179, 178, 177, 176, 175, 174, 173, 172, 171, 170, 169, 167, 166, 165, 164, 162, 161, 160, 159, 154, 153, 151, 150, 149, 148, 147, 146, 145, 144, 143, 142, 141, 140, 139, 137, 136, 135, 134, 129, 127, 126, 125, 124, 123, 122, 121, 120, 119
[2025-10-07 13:46:34] Found target donor IDs in fetched data: 176, 169, 170, 144, 140, 142, 135, 120
[2025-10-07 13:46:48] donation_pending.php module loaded
[2025-10-07 13:46:48] Processing 49 donors. Donor IDs: 182, 179, 178, 177, 176, 175, 174, 173, 172, 171, 170, 169, 167, 166, 165, 164, 162, 161, 160, 159, 154, 153, 151, 150, 149, 148, 147, 146, 145, 144, 143, 142, 141, 140, 139, 137, 136, 135, 134, 129, 127, 126, 125, 124, 123, 122, 121, 120, 119
[2025-10-07 13:46:48] Found target donor IDs in fetched data: 176, 169, 170, 144, 140, 142, 135, 120
[2025-10-07 13:47:24] donation_pending.php module loaded
[2025-10-07 13:47:25] Processing 49 donors. Donor IDs: 182, 179, 178, 177, 176, 175, 174, 173, 172, 171, 170, 169, 167, 166, 165, 164, 162, 161, 160, 159, 154, 153, 151, 150, 149, 148, 147, 146, 145, 144, 143, 142, 141, 140, 139, 137, 136, 135, 134, 129, 127, 126, 125, 124, 123, 122, 121, 120, 119
[2025-10-07 13:47:25] Found target donor IDs in fetched data: 176, 169, 170, 144, 140, 142, 135, 120
[2025-10-07 13:56:09] donation_pending.php module loaded
[2025-10-07 13:56:11] Processing 49 donors. Donor IDs: 182, 179, 178, 177, 176, 175, 174, 173, 172, 171, 170, 169, 167, 166, 165, 164, 162, 161, 160, 159, 154, 153, 151, 150, 149, 148, 147, 146, 145, 144, 143, 142, 141, 140, 139, 137, 136, 135, 134, 129, 127, 126, 125, 124, 123, 122, 121, 120, 119
[2025-10-07 13:56:11] Found target donor IDs in fetched data: 176, 169, 170, 144, 140, 142, 135, 120
[2025-10-07 14:00:49] donation_pending.php module loaded
[2025-10-07 14:00:52] donation_pending.php module loaded
[2025-10-07 14:00:54] Processing 49 donors. Donor IDs: 182, 179, 178, 177, 176, 175, 174, 173, 172, 171, 170, 169, 167, 166, 165, 164, 162, 161, 160, 159, 154, 153, 151, 150, 149, 148, 147, 146, 145, 144, 143, 142, 141, 140, 139, 137, 136, 135, 134, 129, 127, 126, 125, 124, 123, 122, 121, 120, 119
[2025-10-07 14:00:54] Found target donor IDs in fetched data: 176, 169, 170, 144, 140, 142, 135, 120
[2025-10-07 14:00:54] donation_pending.php module loaded
[2025-10-07 14:00:57] Processing 49 donors. Donor IDs: 182, 179, 178, 177, 176, 175, 174, 173, 172, 171, 170, 169, 167, 166, 165, 164, 162, 161, 160, 159, 154, 153, 151, 150, 149, 148, 147, 146, 145, 144, 143, 142, 141, 140, 139, 137, 136, 135, 134, 129, 127, 126, 125, 124, 123, 122, 121, 120, 119
[2025-10-07 14:00:57] Found target donor IDs in fetched data: 176, 169, 170, 144, 140, 142, 135, 120
[2025-10-07 14:00:57] Processing 49 donors. Donor IDs: 182, 179, 178, 177, 176, 175, 174, 173, 172, 171, 170, 169, 167, 166, 165, 164, 162, 161, 160, 159, 154, 153, 151, 150, 149, 148, 147, 146, 145, 144, 143, 142, 141, 140, 139, 137, 136, 135, 134, 129, 127, 126, 125, 124, 123, 122, 121, 120, 119
[2025-10-07 14:00:57] Found target donor IDs in fetched data: 176, 169, 170, 144, 140, 142, 135, 120
[2025-10-07 14:01:37] donation_pending.php module loaded
[2025-10-07 14:01:38] Processing 49 donors. Donor IDs: 182, 179, 178, 177, 176, 175, 174, 173, 172, 171, 170, 169, 167, 166, 165, 164, 162, 161, 160, 159, 154, 153, 151, 150, 149, 148, 147, 146, 145, 144, 143, 142, 141, 140, 139, 137, 136, 135, 134, 129, 127, 126, 125, 124, 123, 122, 121, 120, 119
[2025-10-07 14:01:38] Found target donor IDs in fetched data: 176, 169, 170, 144, 140, 142, 135, 120
[2025-10-07 14:08:00] donation_pending.php module loaded
[2025-10-07 14:08:02] donation_pending.php module loaded
[2025-10-07 14:08:04] Processing 49 donors. Donor IDs: 182, 179, 178, 177, 176, 175, 174, 173, 172, 171, 170, 169, 167, 166, 165, 164, 162, 161, 160, 159, 154, 153, 151, 150, 149, 148, 147, 146, 145, 144, 143, 142, 141, 140, 139, 137, 136, 135, 134, 129, 127, 126, 125, 124, 123, 122, 121, 120, 119
[2025-10-07 14:08:04] Found target donor IDs in fetched data: 176, 169, 170, 144, 140, 142, 135, 120
[2025-10-07 14:08:04] Processing 49 donors. Donor IDs: 182, 179, 178, 177, 176, 175, 174, 173, 172, 171, 170, 169, 167, 166, 165, 164, 162, 161, 160, 159, 154, 153, 151, 150, 149, 148, 147, 146, 145, 144, 143, 142, 141, 140, 139, 137, 136, 135, 134, 129, 127, 126, 125, 124, 123, 122, 121, 120, 119
[2025-10-07 14:08:04] Found target donor IDs in fetched data: 176, 169, 170, 144, 140, 142, 135, 120
[2025-10-07 14:08:05] donation_pending.php module loaded
[2025-10-07 14:08:09] Processing 49 donors. Donor IDs: 182, 179, 178, 177, 176, 175, 174, 173, 172, 171, 170, 169, 167, 166, 165, 164, 162, 161, 160, 159, 154, 153, 151, 150, 149, 148, 147, 146, 145, 144, 143, 142, 141, 140, 139, 137, 136, 135, 134, 129, 127, 126, 125, 124, 123, 122, 121, 120, 119
[2025-10-07 14:08:09] Found target donor IDs in fetched data: 176, 169, 170, 144, 140, 142, 135, 120
[2025-10-07 14:14:11] donation_pending.php module loaded
[2025-10-07 14:14:12] Processing 49 donors. Donor IDs: 182, 179, 178, 177, 176, 175, 174, 173, 172, 171, 170, 169, 167, 166, 165, 164, 162, 161, 160, 159, 154, 153, 151, 150, 149, 148, 147, 146, 145, 144, 143, 142, 141, 140, 139, 137, 136, 135, 134, 129, 127, 126, 125, 124, 123, 122, 121, 120, 119
[2025-10-07 14:14:12] Found target donor IDs in fetched data: 176, 169, 170, 144, 140, 142, 135, 120
[2025-10-07 14:14:12] donation_pending.php module loaded
[2025-10-07 14:14:13] Processing 49 donors. Donor IDs: 182, 179, 178, 177, 176, 175, 174, 173, 172, 171, 170, 169, 167, 166, 165, 164, 162, 161, 160, 159, 154, 153, 151, 150, 149, 148, 147, 146, 145, 144, 143, 142, 141, 140, 139, 137, 136, 135, 134, 129, 127, 126, 125, 124, 123, 122, 121, 120, 119
[2025-10-07 14:14:13] Found target donor IDs in fetched data: 176, 169, 170, 144, 140, 142, 135, 120
[2025-10-07 14:14:14] donation_pending.php module loaded
[2025-10-07 14:14:14] Processing 49 donors. Donor IDs: 182, 179, 178, 177, 176, 175, 174, 173, 172, 171, 170, 169, 167, 166, 165, 164, 162, 161, 160, 159, 154, 153, 151, 150, 149, 148, 147, 146, 145, 144, 143, 142, 141, 140, 139, 137, 136, 135, 134, 129, 127, 126, 125, 124, 123, 122, 121, 120, 119
[2025-10-07 14:14:14] Found target donor IDs in fetched data: 176, 169, 170, 144, 140, 142, 135, 120
[2025-10-07 14:22:07] donation_pending.php module loaded
[2025-10-07 14:22:09] Processing 49 donors. Donor IDs: 182, 179, 178, 177, 176, 175, 174, 173, 172, 171, 170, 169, 167, 166, 165, 164, 162, 161, 160, 159, 154, 153, 151, 150, 149, 148, 147, 146, 145, 144, 143, 142, 141, 140, 139, 137, 136, 135, 134, 129, 127, 126, 125, 124, 123, 122, 121, 120, 119
[2025-10-07 14:22:09] Found target donor IDs in fetched data: 176, 169, 170, 144, 140, 142, 135, 120
[2025-10-07 14:22:12] donation_pending.php module loaded
[2025-10-07 14:22:13] Processing 49 donors. Donor IDs: 182, 179, 178, 177, 176, 175, 174, 173, 172, 171, 170, 169, 167, 166, 165, 164, 162, 161, 160, 159, 154, 153, 151, 150, 149, 148, 147, 146, 145, 144, 143, 142, 141, 140, 139, 137, 136, 135, 134, 129, 127, 126, 125, 124, 123, 122, 121, 120, 119
[2025-10-07 14:22:13] Found target donor IDs in fetched data: 176, 169, 170, 144, 140, 142, 135, 120
[2025-10-07 14:22:14] donation_pending.php module loaded
[2025-10-07 14:22:15] Processing 49 donors. Donor IDs: 182, 179, 178, 177, 176, 175, 174, 173, 172, 171, 170, 169, 167, 166, 165, 164, 162, 161, 160, 159, 154, 153, 151, 150, 149, 148, 147, 146, 145, 144, 143, 142, 141, 140, 139, 137, 136, 135, 134, 129, 127, 126, 125, 124, 123, 122, 121, 120, 119
[2025-10-07 14:22:15] Found target donor IDs in fetched data: 176, 169, 170, 144, 140, 142, 135, 120
[2025-10-07 14:38:53] donation_pending.php module loaded
[2025-10-07 14:38:55] Processing 49 donors. Donor IDs: 182, 179, 178, 177, 176, 175, 174, 173, 172, 171, 170, 169, 167, 166, 165, 164, 162, 161, 160, 159, 154, 153, 151, 150, 149, 148, 147, 146, 145, 144, 143, 142, 141, 140, 139, 137, 136, 135, 134, 129, 127, 126, 125, 124, 123, 122, 121, 120, 119
[2025-10-07 14:38:55] Found target donor IDs in fetched data: 176, 169, 170, 144, 140, 142, 135, 120
[2025-10-07 14:38:56] donation_pending.php module loaded
[2025-10-07 14:38:57] Processing 49 donors. Donor IDs: 182, 179, 178, 177, 176, 175, 174, 173, 172, 171, 170, 169, 167, 166, 165, 164, 162, 161, 160, 159, 154, 153, 151, 150, 149, 148, 147, 146, 145, 144, 143, 142, 141, 140, 139, 137, 136, 135, 134, 129, 127, 126, 125, 124, 123, 122, 121, 120, 119
[2025-10-07 14:38:57] Found target donor IDs in fetched data: 176, 169, 170, 144, 140, 142, 135, 120
[2025-10-07 14:38:58] donation_pending.php module loaded
[2025-10-07 14:38:59] Processing 49 donors. Donor IDs: 182, 179, 178, 177, 176, 175, 174, 173, 172, 171, 170, 169, 167, 166, 165, 164, 162, 161, 160, 159, 154, 153, 151, 150, 149, 148, 147, 146, 145, 144, 143, 142, 141, 140, 139, 137, 136, 135, 134, 129, 127, 126, 125, 124, 123, 122, 121, 120, 119
[2025-10-07 14:38:59] Found target donor IDs in fetched data: 176, 169, 170, 144, 140, 142, 135, 120
[2025-10-07 14:52:45] donation_pending.php module loaded
[2025-10-07 14:52:48] donation_pending.php module loaded
[2025-10-07 14:52:49] Processing 49 donors. Donor IDs: 182, 179, 178, 177, 176, 175, 174, 173, 172, 171, 170, 169, 167, 166, 165, 164, 162, 161, 160, 159, 154, 153, 151, 150, 149, 148, 147, 146, 145, 144, 143, 142, 141, 140, 139, 137, 136, 135, 134, 129, 127, 126, 125, 124, 123, 122, 121, 120, 119
[2025-10-07 14:52:49] Found target donor IDs in fetched data: 176, 169, 170, 144, 140, 142, 135, 120
[2025-10-07 14:52:49] Processing 49 donors. Donor IDs: 182, 179, 178, 177, 176, 175, 174, 173, 172, 171, 170, 169, 167, 166, 165, 164, 162, 161, 160, 159, 154, 153, 151, 150, 149, 148, 147, 146, 145, 144, 143, 142, 141, 140, 139, 137, 136, 135, 134, 129, 127, 126, 125, 124, 123, 122, 121, 120, 119
[2025-10-07 14:52:49] Found target donor IDs in fetched data: 176, 169, 170, 144, 140, 142, 135, 120
[2025-10-07 14:52:50] donation_pending.php module loaded
[2025-10-07 14:52:51] Processing 49 donors. Donor IDs: 182, 179, 178, 177, 176, 175, 174, 173, 172, 171, 170, 169, 167, 166, 165, 164, 162, 161, 160, 159, 154, 153, 151, 150, 149, 148, 147, 146, 145, 144, 143, 142, 141, 140, 139, 137, 136, 135, 134, 129, 127, 126, 125, 124, 123, 122, 121, 120, 119
[2025-10-07 14:52:51] Found target donor IDs in fetched data: 176, 169, 170, 144, 140, 142, 135, 120
[2025-10-07 15:03:31] donation_pending.php module loaded
[2025-10-07 15:03:33] Processing 49 donors. Donor IDs: 182, 179, 178, 177, 176, 175, 174, 173, 172, 171, 170, 169, 167, 166, 165, 164, 162, 161, 160, 159, 154, 153, 151, 150, 149, 148, 147, 146, 145, 144, 143, 142, 141, 140, 139, 137, 136, 135, 134, 129, 127, 126, 125, 124, 123, 122, 121, 120, 119
[2025-10-07 15:03:33] Found target donor IDs in fetched data: 176, 169, 170, 144, 140, 142, 135, 120
[2025-10-07 15:06:13] donation_pending.php module loaded
[2025-10-07 15:06:15] Processing 49 donors. Donor IDs: 182, 179, 178, 177, 176, 175, 174, 173, 172, 171, 170, 169, 167, 166, 165, 164, 162, 161, 160, 159, 154, 153, 151, 150, 149, 148, 147, 146, 145, 144, 143, 142, 141, 140, 139, 137, 136, 135, 134, 129, 127, 126, 125, 124, 123, 122, 121, 120, 119
[2025-10-07 15:06:15] Found target donor IDs in fetched data: 176, 169, 170, 144, 140, 142, 135, 120
[2025-10-07 15:06:21] donation_pending.php module loaded
[2025-10-07 15:06:22] Processing 49 donors. Donor IDs: 182, 179, 178, 177, 176, 175, 174, 173, 172, 171, 170, 169, 167, 166, 165, 164, 162, 161, 160, 159, 154, 153, 151, 150, 149, 148, 147, 146, 145, 144, 143, 142, 141, 140, 139, 137, 136, 135, 134, 129, 127, 126, 125, 124, 123, 122, 121, 120, 119
[2025-10-07 15:06:22] Found target donor IDs in fetched data: 176, 169, 170, 144, 140, 142, 135, 120
[2025-10-07 15:06:29] donation_pending.php module loaded
[2025-10-07 15:06:30] Processing 49 donors. Donor IDs: 182, 179, 178, 177, 176, 175, 174, 173, 172, 171, 170, 169, 167, 166, 165, 164, 162, 161, 160, 159, 154, 153, 151, 150, 149, 148, 147, 146, 145, 144, 143, 142, 141, 140, 139, 137, 136, 135, 134, 129, 127, 126, 125, 124, 123, 122, 121, 120, 119
[2025-10-07 15:06:30] Found target donor IDs in fetched data: 176, 169, 170, 144, 140, 142, 135, 120
[2025-10-07 15:09:33] donation_pending.php module loaded
[2025-10-07 15:09:35] Processing 49 donors. Donor IDs: 182, 179, 178, 177, 176, 175, 174, 173, 172, 171, 170, 169, 167, 166, 165, 164, 162, 161, 160, 159, 154, 153, 151, 150, 149, 148, 147, 146, 145, 144, 143, 142, 141, 140, 139, 137, 136, 135, 134, 129, 127, 126, 125, 124, 123, 122, 121, 120, 119
[2025-10-07 15:09:35] Found target donor IDs in fetched data: 176, 169, 170, 144, 140, 142, 135, 120
[2025-10-07 15:09:38] donation_pending.php module loaded
[2025-10-07 15:09:38] Processing 49 donors. Donor IDs: 182, 179, 178, 177, 176, 175, 174, 173, 172, 171, 170, 169, 167, 166, 165, 164, 162, 161, 160, 159, 154, 153, 151, 150, 149, 148, 147, 146, 145, 144, 143, 142, 141, 140, 139, 137, 136, 135, 134, 129, 127, 126, 125, 124, 123, 122, 121, 120, 119
[2025-10-07 15:09:38] Found target donor IDs in fetched data: 176, 169, 170, 144, 140, 142, 135, 120
[2025-10-07 15:09:40] donation_pending.php module loaded
[2025-10-07 15:09:41] Processing 49 donors. Donor IDs: 182, 179, 178, 177, 176, 175, 174, 173, 172, 171, 170, 169, 167, 166, 165, 164, 162, 161, 160, 159, 154, 153, 151, 150, 149, 148, 147, 146, 145, 144, 143, 142, 141, 140, 139, 137, 136, 135, 134, 129, 127, 126, 125, 124, 123, 122, 121, 120, 119
[2025-10-07 15:09:41] Found target donor IDs in fetched data: 176, 169, 170, 144, 140, 142, 135, 120
[2025-10-07 15:15:25] donation_pending.php module loaded
[2025-10-07 15:15:27] Processing 49 donors. Donor IDs: 182, 179, 178, 177, 176, 175, 174, 173, 172, 171, 170, 169, 167, 166, 165, 164, 162, 161, 160, 159, 154, 153, 151, 150, 149, 148, 147, 146, 145, 144, 143, 142, 141, 140, 139, 137, 136, 135, 134, 129, 127, 126, 125, 124, 123, 122, 121, 120, 119
[2025-10-07 15:15:27] Found target donor IDs in fetched data: 176, 169, 170, 144, 140, 142, 135, 120
[2025-10-07 15:15:28] donation_pending.php module loaded
[2025-10-07 15:15:29] Processing 49 donors. Donor IDs: 182, 179, 178, 177, 176, 175, 174, 173, 172, 171, 170, 169, 167, 166, 165, 164, 162, 161, 160, 159, 154, 153, 151, 150, 149, 148, 147, 146, 145, 144, 143, 142, 141, 140, 139, 137, 136, 135, 134, 129, 127, 126, 125, 124, 123, 122, 121, 120, 119
[2025-10-07 15:15:29] Found target donor IDs in fetched data: 176, 169, 170, 144, 140, 142, 135, 120
[2025-10-07 15:15:30] donation_pending.php module loaded
[2025-10-07 15:15:31] Processing 49 donors. Donor IDs: 182, 179, 178, 177, 176, 175, 174, 173, 172, 171, 170, 169, 167, 166, 165, 164, 162, 161, 160, 159, 154, 153, 151, 150, 149, 148, 147, 146, 145, 144, 143, 142, 141, 140, 139, 137, 136, 135, 134, 129, 127, 126, 125, 124, 123, 122, 121, 120, 119
[2025-10-07 15:15:31] Found target donor IDs in fetched data: 176, 169, 170, 144, 140, 142, 135, 120
[2025-10-07 15:17:54] donation_pending.php module loaded
[2025-10-07 15:17:55] Processing 49 donors. Donor IDs: 182, 179, 178, 177, 176, 175, 174, 173, 172, 171, 170, 169, 167, 166, 165, 164, 162, 161, 160, 159, 154, 153, 151, 150, 149, 148, 147, 146, 145, 144, 143, 142, 141, 140, 139, 137, 136, 135, 134, 129, 127, 126, 125, 124, 123, 122, 121, 120, 119
[2025-10-07 15:17:55] Found target donor IDs in fetched data: 176, 169, 170, 144, 140, 142, 135, 120
[2025-10-07 15:18:45] donation_pending.php module loaded
[2025-10-07 15:18:46] Processing 49 donors. Donor IDs: 182, 179, 178, 177, 176, 175, 174, 173, 172, 171, 170, 169, 167, 166, 165, 164, 162, 161, 160, 159, 154, 153, 151, 150, 149, 148, 147, 146, 145, 144, 143, 142, 141, 140, 139, 137, 136, 135, 134, 129, 127, 126, 125, 124, 123, 122, 121, 120, 119
[2025-10-07 15:18:46] Found target donor IDs in fetched data: 176, 169, 170, 144, 140, 142, 135, 120
[2025-10-07 15:18:53] donation_pending.php module loaded
[2025-10-07 15:18:54] Processing 49 donors. Donor IDs: 182, 179, 178, 177, 176, 175, 174, 173, 172, 171, 170, 169, 167, 166, 165, 164, 162, 161, 160, 159, 154, 153, 151, 150, 149, 148, 147, 146, 145, 144, 143, 142, 141, 140, 139, 137, 136, 135, 134, 129, 127, 126, 125, 124, 123, 122, 121, 120, 119
[2025-10-07 15:18:54] Found target donor IDs in fetched data: 176, 169, 170, 144, 140, 142, 135, 120
[2025-10-07 15:19:00] donation_pending.php module loaded
[2025-10-07 15:19:01] Processing 49 donors. Donor IDs: 182, 179, 178, 177, 176, 175, 174, 173, 172, 171, 170, 169, 167, 166, 165, 164, 162, 161, 160, 159, 154, 153, 151, 150, 149, 148, 147, 146, 145, 144, 143, 142, 141, 140, 139, 137, 136, 135, 134, 129, 127, 126, 125, 124, 123, 122, 121, 120, 119
[2025-10-07 15:19:01] Found target donor IDs in fetched data: 176, 169, 170, 144, 140, 142, 135, 120
[2025-10-07 15:24:31] donation_pending.php module loaded
[2025-10-07 15:24:32] Processing 49 donors. Donor IDs: 182, 179, 178, 177, 176, 175, 174, 173, 172, 171, 170, 169, 167, 166, 165, 164, 162, 161, 160, 159, 154, 153, 151, 150, 149, 148, 147, 146, 145, 144, 143, 142, 141, 140, 139, 137, 136, 135, 134, 129, 127, 126, 125, 124, 123, 122, 121, 120, 119
[2025-10-07 15:24:32] Found target donor IDs in fetched data: 176, 169, 170, 144, 140, 142, 135, 120
[2025-10-07 15:27:41] donation_pending.php module loaded
[2025-10-07 15:27:43] Processing 49 donors. Donor IDs: 182, 179, 178, 177, 176, 175, 174, 173, 172, 171, 170, 169, 167, 166, 165, 164, 162, 161, 160, 159, 154, 153, 151, 150, 149, 148, 147, 146, 145, 144, 143, 142, 141, 140, 139, 137, 136, 135, 134, 129, 127, 126, 125, 124, 123, 122, 121, 120, 119
[2025-10-07 15:27:43] Found target donor IDs in fetched data: 176, 169, 170, 144, 140, 142, 135, 120
[2025-10-07 15:37:33] donation_pending.php module loaded
[2025-10-07 15:37:34] Processing 49 donors. Donor IDs: 182, 179, 178, 177, 176, 175, 174, 173, 172, 171, 170, 169, 167, 166, 165, 164, 162, 161, 160, 159, 154, 153, 151, 150, 149, 148, 147, 146, 145, 144, 143, 142, 141, 140, 139, 137, 136, 135, 134, 129, 127, 126, 125, 124, 123, 122, 121, 120, 119
[2025-10-07 15:37:34] Found target donor IDs in fetched data: 176, 169, 170, 144, 140, 142, 135, 120
[2025-10-07 15:40:17] donation_pending.php module loaded
[2025-10-07 15:40:18] Processing 49 donors. Donor IDs: 182, 179, 178, 177, 176, 175, 174, 173, 172, 171, 170, 169, 167, 166, 165, 164, 162, 161, 160, 159, 154, 153, 151, 150, 149, 148, 147, 146, 145, 144, 143, 142, 141, 140, 139, 137, 136, 135, 134, 129, 127, 126, 125, 124, 123, 122, 121, 120, 119
[2025-10-07 15:40:18] Found target donor IDs in fetched data: 176, 169, 170, 144, 140, 142, 135, 120
[2025-10-07 15:42:48] donation_pending.php module loaded
[2025-10-07 15:42:49] Processing 49 donors. Donor IDs: 182, 179, 178, 177, 176, 175, 174, 173, 172, 171, 170, 169, 167, 166, 165, 164, 162, 161, 160, 159, 154, 153, 151, 150, 149, 148, 147, 146, 145, 144, 143, 142, 141, 140, 139, 137, 136, 135, 134, 129, 127, 126, 125, 124, 123, 122, 121, 120, 119
[2025-10-07 15:42:49] Found target donor IDs in fetched data: 176, 169, 170, 144, 140, 142, 135, 120
[2025-10-07 15:49:12] donation_pending.php module loaded
[2025-10-07 15:49:13] Processing 49 donors. Donor IDs: 182, 179, 178, 177, 176, 175, 174, 173, 172, 171, 170, 169, 167, 166, 165, 164, 162, 161, 160, 159, 154, 153, 151, 150, 149, 148, 147, 146, 145, 144, 143, 142, 141, 140, 139, 137, 136, 135, 134, 129, 127, 126, 125, 124, 123, 122, 121, 120, 119
[2025-10-07 15:49:13] Found target donor IDs in fetched data: 176, 169, 170, 144, 140, 142, 135, 120
[2025-10-07 18:25:55] donation_pending.php module loaded
[2025-10-07 18:25:58] Processing 49 donors. Donor IDs: 182, 179, 178, 177, 176, 175, 174, 173, 172, 171, 170, 169, 167, 166, 165, 164, 162, 161, 160, 159, 154, 153, 151, 150, 149, 148, 147, 146, 145, 144, 143, 142, 141, 140, 139, 137, 136, 135, 134, 129, 127, 126, 125, 124, 123, 122, 121, 120, 119
[2025-10-07 18:25:58] Found target donor IDs in fetched data: 176, 169, 170, 144, 140, 142, 135, 120
[2025-10-07 18:35:20] donation_pending.php module loaded
[2025-10-07 18:35:22] Processing 49 donors. Donor IDs: 182, 179, 178, 177, 176, 175, 174, 173, 172, 171, 170, 169, 167, 166, 165, 164, 162, 161, 160, 159, 154, 153, 151, 150, 149, 148, 147, 146, 145, 144, 143, 142, 141, 140, 139, 137, 136, 135, 134, 129, 127, 126, 125, 124, 123, 122, 121, 120, 119
[2025-10-07 18:35:22] Found target donor IDs in fetched data: 176, 169, 170, 144, 140, 142, 135, 120
[2025-10-07 18:36:27] donation_pending.php module loaded
[2025-10-07 18:36:28] Processing 49 donors. Donor IDs: 182, 179, 178, 177, 176, 175, 174, 173, 172, 171, 170, 169, 167, 166, 165, 164, 162, 161, 160, 159, 154, 153, 151, 150, 149, 148, 147, 146, 145, 144, 143, 142, 141, 140, 139, 137, 136, 135, 134, 129, 127, 126, 125, 124, 123, 122, 121, 120, 119
[2025-10-07 18:36:28] Found target donor IDs in fetched data: 176, 169, 170, 144, 140, 142, 135, 120
[2025-10-07 18:37:06] donation_pending.php module loaded
[2025-10-07 18:37:07] Processing 49 donors. Donor IDs: 182, 179, 178, 177, 176, 175, 174, 173, 172, 171, 170, 169, 167, 166, 165, 164, 162, 161, 160, 159, 154, 153, 151, 150, 149, 148, 147, 146, 145, 144, 143, 142, 141, 140, 139, 137, 136, 135, 134, 129, 127, 126, 125, 124, 123, 122, 121, 120, 119
[2025-10-07 18:37:07] Found target donor IDs in fetched data: 176, 169, 170, 144, 140, 142, 135, 120
[2025-10-07 18:39:31] donation_pending.php module loaded
[2025-10-07 18:39:32] Processing 49 donors. Donor IDs: 182, 179, 178, 177, 176, 175, 174, 173, 172, 171, 170, 169, 167, 166, 165, 164, 162, 161, 160, 159, 154, 153, 151, 150, 149, 148, 147, 146, 145, 144, 143, 142, 141, 140, 139, 137, 136, 135, 134, 129, 127, 126, 125, 124, 123, 122, 121, 120, 119
[2025-10-07 18:39:32] Found target donor IDs in fetched data: 176, 169, 170, 144, 140, 142, 135, 120
[2025-10-07 18:48:13] donation_pending.php module loaded
[2025-10-07 18:48:15] Processing 49 donors. Donor IDs: 182, 179, 178, 177, 176, 175, 174, 173, 172, 171, 170, 169, 167, 166, 165, 164, 162, 161, 160, 159, 154, 153, 151, 150, 149, 148, 147, 146, 145, 144, 143, 142, 141, 140, 139, 137, 136, 135, 134, 129, 127, 126, 125, 124, 123, 122, 121, 120, 119
[2025-10-07 18:48:15] Found target donor IDs in fetched data: 176, 169, 170, 144, 140, 142, 135, 120
[2025-10-07 18:48:39] donation_pending.php module loaded
[2025-10-07 18:48:40] Processing 49 donors. Donor IDs: 182, 179, 178, 177, 176, 175, 174, 173, 172, 171, 170, 169, 167, 166, 165, 164, 162, 161, 160, 159, 154, 153, 151, 150, 149, 148, 147, 146, 145, 144, 143, 142, 141, 140, 139, 137, 136, 135, 134, 129, 127, 126, 125, 124, 123, 122, 121, 120, 119
[2025-10-07 18:48:40] Found target donor IDs in fetched data: 176, 169, 170, 144, 140, 142, 135, 120
[2025-10-07 18:52:45] donation_pending.php module loaded
[2025-10-07 18:52:46] Processing 49 donors. Donor IDs: 182, 179, 178, 177, 176, 175, 174, 173, 172, 171, 170, 169, 167, 166, 165, 164, 162, 161, 160, 159, 154, 153, 151, 150, 149, 148, 147, 146, 145, 144, 143, 142, 141, 140, 139, 137, 136, 135, 134, 129, 127, 126, 125, 124, 123, 122, 121, 120, 119
[2025-10-07 18:52:46] Found target donor IDs in fetched data: 176, 169, 170, 144, 140, 142, 135, 120
[2025-10-07 18:55:39] donation_pending.php module loaded
[2025-10-07 18:55:40] Processing 49 donors. Donor IDs: 182, 179, 178, 177, 176, 175, 174, 173, 172, 171, 170, 169, 167, 166, 165, 164, 162, 161, 160, 159, 154, 153, 151, 150, 149, 148, 147, 146, 145, 144, 143, 142, 141, 140, 139, 137, 136, 135, 134, 129, 127, 126, 125, 124, 123, 122, 121, 120, 119
[2025-10-07 18:55:40] Found target donor IDs in fetched data: 176, 169, 170, 144, 140, 142, 135, 120
[2025-10-09 13:22:57] donation_pending.php module loaded
[2025-10-09 13:23:00] Processing 50 donors. Donor IDs: 183, 182, 179, 178, 177, 176, 175, 174, 173, 172, 171, 170, 169, 167, 166, 165, 164, 162, 161, 160, 159, 154, 153, 151, 150, 149, 148, 147, 146, 145, 144, 143, 142, 141, 140, 139, 137, 136, 135, 134, 129, 127, 126, 125, 124, 123, 122, 121, 120, 119
[2025-10-09 13:23:00] Found target donor IDs in fetched data: 176, 169, 170, 144, 140, 142, 135, 120
[2025-10-09 13:31:50] donation_pending.php module loaded
[2025-10-09 13:31:53] Processing 50 donors. Donor IDs: 183, 182, 179, 178, 177, 176, 175, 174, 173, 172, 171, 170, 169, 167, 166, 165, 164, 162, 161, 160, 159, 154, 153, 151, 150, 149, 148, 147, 146, 145, 144, 143, 142, 141, 140, 139, 137, 136, 135, 134, 129, 127, 126, 125, 124, 123, 122, 121, 120, 119
[2025-10-09 13:31:53] Found target donor IDs in fetched data: 176, 169, 170, 144, 140, 142, 135, 120
[2025-10-09 15:47:44] donation_pending.php module loaded
[2025-10-09 15:47:45] Processing 50 donors. Donor IDs: 183, 182, 179, 178, 177, 176, 175, 174, 173, 172, 171, 170, 169, 167, 166, 165, 164, 162, 161, 160, 159, 154, 153, 151, 150, 149, 148, 147, 146, 145, 144, 143, 142, 141, 140, 139, 137, 136, 135, 134, 129, 127, 126, 125, 124, 123, 122, 121, 120, 119
[2025-10-09 15:47:45] Found target donor IDs in fetched data: 176, 169, 170, 144, 140, 142, 135, 120
[2025-10-09 15:48:10] donation_pending.php module loaded
[2025-10-09 15:48:12] Processing 50 donors. Donor IDs: 183, 182, 179, 178, 177, 176, 175, 174, 173, 172, 171, 170, 169, 167, 166, 165, 164, 162, 161, 160, 159, 154, 153, 151, 150, 149, 148, 147, 146, 145, 144, 143, 142, 141, 140, 139, 137, 136, 135, 134, 129, 127, 126, 125, 124, 123, 122, 121, 120, 119
[2025-10-09 15:48:12] Found target donor IDs in fetched data: 176, 169, 170, 144, 140, 142, 135, 120
[2025-10-09 16:20:23] donation_pending.php module loaded
[2025-10-09 16:20:26] Processing 50 donors. Donor IDs: 183, 182, 179, 178, 177, 176, 175, 174, 173, 172, 171, 170, 169, 167, 166, 165, 164, 162, 161, 160, 159, 154, 153, 151, 150, 149, 148, 147, 146, 145, 144, 143, 142, 141, 140, 139, 137, 136, 135, 134, 129, 127, 126, 125, 124, 123, 122, 121, 120, 119
[2025-10-09 16:20:26] Found target donor IDs in fetched data: 176, 169, 170, 144, 140, 142, 135, 120
[2025-10-09 16:32:09] donation_pending.php module loaded
[2025-10-09 16:32:12] Processing 50 donors. Donor IDs: 183, 182, 179, 178, 177, 176, 175, 174, 173, 172, 171, 170, 169, 167, 166, 165, 164, 162, 161, 160, 159, 154, 153, 151, 150, 149, 148, 147, 146, 145, 144, 143, 142, 141, 140, 139, 137, 136, 135, 134, 129, 127, 126, 125, 124, 123, 122, 121, 120, 119
[2025-10-09 16:32:12] Found target donor IDs in fetched data: 176, 169, 170, 144, 140, 142, 135, 120
[2025-10-09 16:38:07] donation_pending.php module loaded
[2025-10-09 16:38:10] Processing 50 donors. Donor IDs: 183, 182, 179, 178, 177, 176, 175, 174, 173, 172, 171, 170, 169, 167, 166, 165, 164, 162, 161, 160, 159, 154, 153, 151, 150, 149, 148, 147, 146, 145, 144, 143, 142, 141, 140, 139, 137, 136, 135, 134, 129, 127, 126, 125, 124, 123, 122, 121, 120, 119
[2025-10-09 16:38:10] Found target donor IDs in fetched data: 176, 169, 170, 144, 140, 142, 135, 120
[2025-10-09 16:43:05] donation_pending.php module loaded
[2025-10-09 16:43:09] Processing 50 donors. Donor IDs: 183, 182, 179, 178, 177, 176, 175, 174, 173, 172, 171, 170, 169, 167, 166, 165, 164, 162, 161, 160, 159, 154, 153, 151, 150, 149, 148, 147, 146, 145, 144, 143, 142, 141, 140, 139, 137, 136, 135, 134, 129, 127, 126, 125, 124, 123, 122, 121, 120, 119
[2025-10-09 16:43:09] Found target donor IDs in fetched data: 176, 169, 170, 144, 140, 142, 135, 120
[2025-10-09 16:56:19] donation_pending.php module loaded
[2025-10-09 16:56:24] Processing 50 donors. Donor IDs: 183, 182, 179, 178, 177, 176, 175, 174, 173, 172, 171, 170, 169, 167, 166, 165, 164, 162, 161, 160, 159, 154, 153, 151, 150, 149, 148, 147, 146, 145, 144, 143, 142, 141, 140, 139, 137, 136, 135, 134, 129, 127, 126, 125, 124, 123, 122, 121, 120, 119
[2025-10-09 16:56:24] Found target donor IDs in fetched data: 176, 169, 170, 144, 140, 142, 135, 120
[2025-10-09 16:59:36] donation_pending.php module loaded
[2025-10-09 16:59:37] Processing 50 donors. Donor IDs: 183, 182, 179, 178, 177, 176, 175, 174, 173, 172, 171, 170, 169, 167, 166, 165, 164, 162, 161, 160, 159, 154, 153, 151, 150, 149, 148, 147, 146, 145, 144, 143, 142, 141, 140, 139, 137, 136, 135, 134, 129, 127, 126, 125, 124, 123, 122, 121, 120, 119
[2025-10-09 16:59:37] Found target donor IDs in fetched data: 176, 169, 170, 144, 140, 142, 135, 120
[2025-10-09 17:00:31] donation_pending.php module loaded
[2025-10-09 17:00:32] Processing 50 donors. Donor IDs: 183, 182, 179, 178, 177, 176, 175, 174, 173, 172, 171, 170, 169, 167, 166, 165, 164, 162, 161, 160, 159, 154, 153, 151, 150, 149, 148, 147, 146, 145, 144, 143, 142, 141, 140, 139, 137, 136, 135, 134, 129, 127, 126, 125, 124, 123, 122, 121, 120, 119
[2025-10-09 17:00:32] Found target donor IDs in fetched data: 176, 169, 170, 144, 140, 142, 135, 120
[2025-10-09 17:13:19] donation_pending.php module loaded
[2025-10-09 17:13:21] Processing 50 donors. Donor IDs: 183, 182, 179, 178, 177, 176, 175, 174, 173, 172, 171, 170, 169, 167, 166, 165, 164, 162, 161, 160, 159, 154, 153, 151, 150, 149, 148, 147, 146, 145, 144, 143, 142, 141, 140, 139, 137, 136, 135, 134, 129, 127, 126, 125, 124, 123, 122, 121, 120, 119
[2025-10-09 17:13:21] Found target donor IDs in fetched data: 176, 169, 170, 144, 140, 142, 135, 120
[2025-10-09 17:18:31] donation_pending.php module loaded
[2025-10-09 17:18:32] Processing 50 donors. Donor IDs: 183, 182, 179, 178, 177, 176, 175, 174, 173, 172, 171, 170, 169, 167, 166, 165, 164, 162, 161, 160, 159, 154, 153, 151, 150, 149, 148, 147, 146, 145, 144, 143, 142, 141, 140, 139, 137, 136, 135, 134, 129, 127, 126, 125, 124, 123, 122, 121, 120, 119
[2025-10-09 17:18:32] Found target donor IDs in fetched data: 176, 169, 170, 144, 140, 142, 135, 120
[2025-10-09 17:25:22] donation_pending.php module loaded
[2025-10-09 17:25:23] Processing 50 donors. Donor IDs: 183, 182, 179, 178, 177, 176, 175, 174, 173, 172, 171, 170, 169, 167, 166, 165, 164, 162, 161, 160, 159, 154, 153, 151, 150, 149, 148, 147, 146, 145, 144, 143, 142, 141, 140, 139, 137, 136, 135, 134, 129, 127, 126, 125, 124, 123, 122, 121, 120, 119
[2025-10-09 17:25:23] Found target donor IDs in fetched data: 176, 169, 170, 144, 140, 142, 135, 120
[2025-10-09 17:28:19] donation_pending.php module loaded
[2025-10-09 17:28:20] Processing 50 donors. Donor IDs: 183, 182, 179, 178, 177, 176, 175, 174, 173, 172, 171, 170, 169, 167, 166, 165, 164, 162, 161, 160, 159, 154, 153, 151, 150, 149, 148, 147, 146, 145, 144, 143, 142, 141, 140, 139, 137, 136, 135, 134, 129, 127, 126, 125, 124, 123, 122, 121, 120, 119
[2025-10-09 17:28:20] Found target donor IDs in fetched data: 176, 169, 170, 144, 140, 142, 135, 120
[2025-10-09 17:32:42] donation_pending.php module loaded
[2025-10-09 17:32:43] Processing 50 donors. Donor IDs: 183, 182, 179, 178, 177, 176, 175, 174, 173, 172, 171, 170, 169, 167, 166, 165, 164, 162, 161, 160, 159, 154, 153, 151, 150, 149, 148, 147, 146, 145, 144, 143, 142, 141, 140, 139, 137, 136, 135, 134, 129, 127, 126, 125, 124, 123, 122, 121, 120, 119
[2025-10-09 17:32:43] Found target donor IDs in fetched data: 176, 169, 170, 144, 140, 142, 135, 120
[2025-10-09 17:35:57] donation_pending.php module loaded
[2025-10-09 17:35:58] Processing 50 donors. Donor IDs: 183, 182, 179, 178, 177, 176, 175, 174, 173, 172, 171, 170, 169, 167, 166, 165, 164, 162, 161, 160, 159, 154, 153, 151, 150, 149, 148, 147, 146, 145, 144, 143, 142, 141, 140, 139, 137, 136, 135, 134, 129, 127, 126, 125, 124, 123, 122, 121, 120, 119
[2025-10-09 17:35:58] Found target donor IDs in fetched data: 176, 169, 170, 144, 140, 142, 135, 120
[2025-10-09 17:38:31] donation_pending.php module loaded
[2025-10-09 17:38:32] Processing 50 donors. Donor IDs: 183, 182, 179, 178, 177, 176, 175, 174, 173, 172, 171, 170, 169, 167, 166, 165, 164, 162, 161, 160, 159, 154, 153, 151, 150, 149, 148, 147, 146, 145, 144, 143, 142, 141, 140, 139, 137, 136, 135, 134, 129, 127, 126, 125, 124, 123, 122, 121, 120, 119
[2025-10-09 17:38:32] Found target donor IDs in fetched data: 176, 169, 170, 144, 140, 142, 135, 120
[2025-10-09 17:43:29] donation_pending.php module loaded
[2025-10-09 17:43:32] Processing 50 donors. Donor IDs: 183, 182, 179, 178, 177, 176, 175, 174, 173, 172, 171, 170, 169, 167, 166, 165, 164, 162, 161, 160, 159, 154, 153, 151, 150, 149, 148, 147, 146, 145, 144, 143, 142, 141, 140, 139, 137, 136, 135, 134, 129, 127, 126, 125, 124, 123, 122, 121, 120, 119
[2025-10-09 17:43:32] Found target donor IDs in fetched data: 176, 169, 170, 144, 140, 142, 135, 120
[2025-10-09 17:49:01] donation_pending.php module loaded
[2025-10-09 17:49:03] Processing 50 donors. Donor IDs: 183, 182, 179, 178, 177, 176, 175, 174, 173, 172, 171, 170, 169, 167, 166, 165, 164, 162, 161, 160, 159, 154, 153, 151, 150, 149, 148, 147, 146, 145, 144, 143, 142, 141, 140, 139, 137, 136, 135, 134, 129, 127, 126, 125, 124, 123, 122, 121, 120, 119
[2025-10-09 17:49:03] Found target donor IDs in fetched data: 176, 169, 170, 144, 140, 142, 135, 120
[2025-10-09 17:55:56] donation_pending.php module loaded
[2025-10-09 17:55:57] Processing 50 donors. Donor IDs: 183, 182, 179, 178, 177, 176, 175, 174, 173, 172, 171, 170, 169, 167, 166, 165, 164, 162, 161, 160, 159, 154, 153, 151, 150, 149, 148, 147, 146, 145, 144, 143, 142, 141, 140, 139, 137, 136, 135, 134, 129, 127, 126, 125, 124, 123, 122, 121, 120, 119
[2025-10-09 17:55:57] Found target donor IDs in fetched data: 176, 169, 170, 144, 140, 142, 135, 120
[2025-10-09 17:56:45] donation_pending.php module loaded
[2025-10-09 17:56:46] Processing 50 donors. Donor IDs: 183, 182, 179, 178, 177, 176, 175, 174, 173, 172, 171, 170, 169, 167, 166, 165, 164, 162, 161, 160, 159, 154, 153, 151, 150, 149, 148, 147, 146, 145, 144, 143, 142, 141, 140, 139, 137, 136, 135, 134, 129, 127, 126, 125, 124, 123, 122, 121, 120, 119
[2025-10-09 17:56:46] Found target donor IDs in fetched data: 176, 169, 170, 144, 140, 142, 135, 120
[2025-10-09 18:02:45] donation_pending.php module loaded
[2025-10-09 18:02:46] Processing 50 donors. Donor IDs: 183, 182, 179, 178, 177, 176, 175, 174, 173, 172, 171, 170, 169, 167, 166, 165, 164, 162, 161, 160, 159, 154, 153, 151, 150, 149, 148, 147, 146, 145, 144, 143, 142, 141, 140, 139, 137, 136, 135, 134, 129, 127, 126, 125, 124, 123, 122, 121, 120, 119
[2025-10-09 18:02:46] Found target donor IDs in fetched data: 176, 169, 170, 144, 140, 142, 135, 120
[2025-10-09 18:05:36] donation_pending.php module loaded
[2025-10-09 18:05:38] Processing 50 donors. Donor IDs: 183, 182, 179, 178, 177, 176, 175, 174, 173, 172, 171, 170, 169, 167, 166, 165, 164, 162, 161, 160, 159, 154, 153, 151, 150, 149, 148, 147, 146, 145, 144, 143, 142, 141, 140, 139, 137, 136, 135, 134, 129, 127, 126, 125, 124, 123, 122, 121, 120, 119
[2025-10-09 18:05:38] Found target donor IDs in fetched data: 176, 169, 170, 144, 140, 142, 135, 120
[2025-10-09 18:10:01] donation_pending.php module loaded
[2025-10-09 18:10:02] Processing 50 donors. Donor IDs: 183, 182, 179, 178, 177, 176, 175, 174, 173, 172, 171, 170, 169, 167, 166, 165, 164, 162, 161, 160, 159, 154, 153, 151, 150, 149, 148, 147, 146, 145, 144, 143, 142, 141, 140, 139, 137, 136, 135, 134, 129, 127, 126, 125, 124, 123, 122, 121, 120, 119
[2025-10-09 18:10:02] Found target donor IDs in fetched data: 176, 169, 170, 144, 140, 142, 135, 120
[2025-10-09 18:14:28] donation_pending.php module loaded
[2025-10-09 18:14:29] Processing 50 donors. Donor IDs: 183, 182, 179, 178, 177, 176, 175, 174, 173, 172, 171, 170, 169, 167, 166, 165, 164, 162, 161, 160, 159, 154, 153, 151, 150, 149, 148, 147, 146, 145, 144, 143, 142, 141, 140, 139, 137, 136, 135, 134, 129, 127, 126, 125, 124, 123, 122, 121, 120, 119
[2025-10-09 18:14:29] Found target donor IDs in fetched data: 176, 169, 170, 144, 140, 142, 135, 120
[2025-10-09 18:17:42] donation_pending.php module loaded
[2025-10-09 18:17:43] Processing 50 donors. Donor IDs: 183, 182, 179, 178, 177, 176, 175, 174, 173, 172, 171, 170, 169, 167, 166, 165, 164, 162, 161, 160, 159, 154, 153, 151, 150, 149, 148, 147, 146, 145, 144, 143, 142, 141, 140, 139, 137, 136, 135, 134, 129, 127, 126, 125, 124, 123, 122, 121, 120, 119
[2025-10-09 18:17:43] Found target donor IDs in fetched data: 176, 169, 170, 144, 140, 142, 135, 120
[2025-10-09 18:26:46] donation_pending.php module loaded
[2025-10-09 18:26:47] Processing 50 donors. Donor IDs: 183, 182, 179, 178, 177, 176, 175, 174, 173, 172, 171, 170, 169, 167, 166, 165, 164, 162, 161, 160, 159, 154, 153, 151, 150, 149, 148, 147, 146, 145, 144, 143, 142, 141, 140, 139, 137, 136, 135, 134, 129, 127, 126, 125, 124, 123, 122, 121, 120, 119
[2025-10-09 18:26:47] Found target donor IDs in fetched data: 176, 169, 170, 144, 140, 142, 135, 120
[2025-10-09 18:30:36] donation_pending.php module loaded
[2025-10-09 18:30:37] Processing 50 donors. Donor IDs: 183, 182, 179, 178, 177, 176, 175, 174, 173, 172, 171, 170, 169, 167, 166, 165, 164, 162, 161, 160, 159, 154, 153, 151, 150, 149, 148, 147, 146, 145, 144, 143, 142, 141, 140, 139, 137, 136, 135, 134, 129, 127, 126, 125, 124, 123, 122, 121, 120, 119
[2025-10-09 18:30:37] Found target donor IDs in fetched data: 176, 169, 170, 144, 140, 142, 135, 120
[2025-10-09 18:32:53] donation_pending.php module loaded
[2025-10-09 18:32:54] Processing 50 donors. Donor IDs: 183, 182, 179, 178, 177, 176, 175, 174, 173, 172, 171, 170, 169, 167, 166, 165, 164, 162, 161, 160, 159, 154, 153, 151, 150, 149, 148, 147, 146, 145, 144, 143, 142, 141, 140, 139, 137, 136, 135, 134, 129, 127, 126, 125, 124, 123, 122, 121, 120, 119
[2025-10-09 18:32:54] Found target donor IDs in fetched data: 176, 169, 170, 144, 140, 142, 135, 120
[2025-10-09 18:37:56] donation_pending.php module loaded
[2025-10-09 18:37:57] Processing 50 donors. Donor IDs: 183, 182, 179, 178, 177, 176, 175, 174, 173, 172, 171, 170, 169, 167, 166, 165, 164, 162, 161, 160, 159, 154, 153, 151, 150, 149, 148, 147, 146, 145, 144, 143, 142, 141, 140, 139, 137, 136, 135, 134, 129, 127, 126, 125, 124, 123, 122, 121, 120, 119
[2025-10-09 18:37:57] Found target donor IDs in fetched data: 176, 169, 170, 144, 140, 142, 135, 120
[2025-10-09 18:41:13] donation_pending.php module loaded
[2025-10-09 18:41:15] Processing 50 donors. Donor IDs: 183, 182, 179, 178, 177, 176, 175, 174, 173, 172, 171, 170, 169, 167, 166, 165, 164, 162, 161, 160, 159, 154, 153, 151, 150, 149, 148, 147, 146, 145, 144, 143, 142, 141, 140, 139, 137, 136, 135, 134, 129, 127, 126, 125, 124, 123, 122, 121, 120, 119
[2025-10-09 18:41:15] Found target donor IDs in fetched data: 176, 169, 170, 144, 140, 142, 135, 120
[2025-10-09 18:47:10] donation_pending.php module loaded
[2025-10-09 18:47:11] Processing 50 donors. Donor IDs: 183, 182, 179, 178, 177, 176, 175, 174, 173, 172, 171, 170, 169, 167, 166, 165, 164, 162, 161, 160, 159, 154, 153, 151, 150, 149, 148, 147, 146, 145, 144, 143, 142, 141, 140, 139, 137, 136, 135, 134, 129, 127, 126, 125, 124, 123, 122, 121, 120, 119
[2025-10-09 18:47:11] Found target donor IDs in fetched data: 176, 169, 170, 144, 140, 142, 135, 120
[2025-10-09 18:51:11] donation_pending.php module loaded
[2025-10-09 18:51:12] Processing 50 donors. Donor IDs: 183, 182, 179, 178, 177, 176, 175, 174, 173, 172, 171, 170, 169, 167, 166, 165, 164, 162, 161, 160, 159, 154, 153, 151, 150, 149, 148, 147, 146, 145, 144, 143, 142, 141, 140, 139, 137, 136, 135, 134, 129, 127, 126, 125, 124, 123, 122, 121, 120, 119
[2025-10-09 18:51:12] Found target donor IDs in fetched data: 176, 169, 170, 144, 140, 142, 135, 120
[2025-10-09 18:55:26] donation_pending.php module loaded
[2025-10-09 18:55:28] Processing 50 donors. Donor IDs: 183, 182, 179, 178, 177, 176, 175, 174, 173, 172, 171, 170, 169, 167, 166, 165, 164, 162, 161, 160, 159, 154, 153, 151, 150, 149, 148, 147, 146, 145, 144, 143, 142, 141, 140, 139, 137, 136, 135, 134, 129, 127, 126, 125, 124, 123, 122, 121, 120, 119
[2025-10-09 18:55:28] Found target donor IDs in fetched data: 176, 169, 170, 144, 140, 142, 135, 120
[2025-10-09 18:58:23] donation_pending.php module loaded
[2025-10-09 18:58:24] Processing 50 donors. Donor IDs: 183, 182, 179, 178, 177, 176, 175, 174, 173, 172, 171, 170, 169, 167, 166, 165, 164, 162, 161, 160, 159, 154, 153, 151, 150, 149, 148, 147, 146, 145, 144, 143, 142, 141, 140, 139, 137, 136, 135, 134, 129, 127, 126, 125, 124, 123, 122, 121, 120, 119
[2025-10-09 18:58:24] Found target donor IDs in fetched data: 176, 169, 170, 144, 140, 142, 135, 120
[2025-10-09 19:04:05] donation_pending.php module loaded
[2025-10-09 19:04:07] Processing 50 donors. Donor IDs: 183, 182, 179, 178, 177, 176, 175, 174, 173, 172, 171, 170, 169, 167, 166, 165, 164, 162, 161, 160, 159, 154, 153, 151, 150, 149, 148, 147, 146, 145, 144, 143, 142, 141, 140, 139, 137, 136, 135, 134, 129, 127, 126, 125, 124, 123, 122, 121, 120, 119
[2025-10-09 19:04:07] Found target donor IDs in fetched data: 176, 169, 170, 144, 140, 142, 135, 120
[2025-10-09 19:09:09] donation_pending.php module loaded
[2025-10-09 19:09:10] Processing 50 donors. Donor IDs: 183, 182, 179, 178, 177, 176, 175, 174, 173, 172, 171, 170, 169, 167, 166, 165, 164, 162, 161, 160, 159, 154, 153, 151, 150, 149, 148, 147, 146, 145, 144, 143, 142, 141, 140, 139, 137, 136, 135, 134, 129, 127, 126, 125, 124, 123, 122, 121, 120, 119
[2025-10-09 19:09:10] Found target donor IDs in fetched data: 176, 169, 170, 144, 140, 142, 135, 120
[2025-10-09 19:11:34] donation_pending.php module loaded
[2025-10-09 19:11:35] Processing 50 donors. Donor IDs: 183, 182, 179, 178, 177, 176, 175, 174, 173, 172, 171, 170, 169, 167, 166, 165, 164, 162, 161, 160, 159, 154, 153, 151, 150, 149, 148, 147, 146, 145, 144, 143, 142, 141, 140, 139, 137, 136, 135, 134, 129, 127, 126, 125, 124, 123, 122, 121, 120, 119
[2025-10-09 19:11:35] Found target donor IDs in fetched data: 176, 169, 170, 144, 140, 142, 135, 120
[2025-10-09 19:14:10] donation_pending.php module loaded
[2025-10-09 19:14:12] Processing 50 donors. Donor IDs: 183, 182, 179, 178, 177, 176, 175, 174, 173, 172, 171, 170, 169, 167, 166, 165, 164, 162, 161, 160, 159, 154, 153, 151, 150, 149, 148, 147, 146, 145, 144, 143, 142, 141, 140, 139, 137, 136, 135, 134, 129, 127, 126, 125, 124, 123, 122, 121, 120, 119
[2025-10-09 19:14:12] Found target donor IDs in fetched data: 176, 169, 170, 144, 140, 142, 135, 120
[2025-10-09 19:14:53] donation_pending.php module loaded
[2025-10-09 19:14:54] Processing 50 donors. Donor IDs: 183, 182, 179, 178, 177, 176, 175, 174, 173, 172, 171, 170, 169, 167, 166, 165, 164, 162, 161, 160, 159, 154, 153, 151, 150, 149, 148, 147, 146, 145, 144, 143, 142, 141, 140, 139, 137, 136, 135, 134, 129, 127, 126, 125, 124, 123, 122, 121, 120, 119
[2025-10-09 19:14:54] Found target donor IDs in fetched data: 176, 169, 170, 144, 140, 142, 135, 120
[2025-10-09 19:15:29] donation_pending.php module loaded
[2025-10-09 19:15:30] Processing 50 donors. Donor IDs: 183, 182, 179, 178, 177, 176, 175, 174, 173, 172, 171, 170, 169, 167, 166, 165, 164, 162, 161, 160, 159, 154, 153, 151, 150, 149, 148, 147, 146, 145, 144, 143, 142, 141, 140, 139, 137, 136, 135, 134, 129, 127, 126, 125, 124, 123, 122, 121, 120, 119
[2025-10-09 19:15:30] Found target donor IDs in fetched data: 176, 169, 170, 144, 140, 142, 135, 120
[2025-10-09 19:19:06] donation_pending.php module loaded
[2025-10-09 19:19:08] Processing 50 donors. Donor IDs: 183, 182, 179, 178, 177, 176, 175, 174, 173, 172, 171, 170, 169, 167, 166, 165, 164, 162, 161, 160, 159, 154, 153, 151, 150, 149, 148, 147, 146, 145, 144, 143, 142, 141, 140, 139, 137, 136, 135, 134, 129, 127, 126, 125, 124, 123, 122, 121, 120, 119
[2025-10-09 19:19:08] Found target donor IDs in fetched data: 176, 169, 170, 144, 140, 142, 135, 120
[2025-10-09 19:23:26] donation_pending.php module loaded
[2025-10-09 19:23:28] Processing 50 donors. Donor IDs: 183, 182, 179, 178, 177, 176, 175, 174, 173, 172, 171, 170, 169, 167, 166, 165, 164, 162, 161, 160, 159, 154, 153, 151, 150, 149, 148, 147, 146, 145, 144, 143, 142, 141, 140, 139, 137, 136, 135, 134, 129, 127, 126, 125, 124, 123, 122, 121, 120, 119
[2025-10-09 19:23:28] Found target donor IDs in fetched data: 176, 169, 170, 144, 140, 142, 135, 120
[2025-10-09 19:26:15] donation_pending.php module loaded
[2025-10-09 19:26:16] Processing 50 donors. Donor IDs: 183, 182, 179, 178, 177, 176, 175, 174, 173, 172, 171, 170, 169, 167, 166, 165, 164, 162, 161, 160, 159, 154, 153, 151, 150, 149, 148, 147, 146, 145, 144, 143, 142, 141, 140, 139, 137, 136, 135, 134, 129, 127, 126, 125, 124, 123, 122, 121, 120, 119
[2025-10-09 19:26:16] Found target donor IDs in fetched data: 176, 169, 170, 144, 140, 142, 135, 120
[2025-10-09 19:34:32] donation_pending.php module loaded
[2025-10-09 19:34:33] Processing 50 donors. Donor IDs: 183, 182, 179, 178, 177, 176, 175, 174, 173, 172, 171, 170, 169, 167, 166, 165, 164, 162, 161, 160, 159, 154, 153, 151, 150, 149, 148, 147, 146, 145, 144, 143, 142, 141, 140, 139, 137, 136, 135, 134, 129, 127, 126, 125, 124, 123, 122, 121, 120, 119
[2025-10-09 19:34:33] Found target donor IDs in fetched data: 176, 169, 170, 144, 140, 142, 135, 120
